This is XeTeX, Version 3.1415926-2.2-0.9995.2 (TeX Live 2009/Arch Linux) (format=xelatex 2009.8.28)  15 DEC 2009 19:26
entering extended mode
 restricted \write18 enabled.
 %&-line parsing enabled.
**j2.tex
(./j2.tex
LaTeX2e <2005/12/01>
Babel <v3.8l> and hyphenation patterns for english, usenglishmax, dumylang, noh
yphenation, german-x-2009-06-19, ngerman-x-2009-06-19, ancientgreek, ibycus, ar
abic, basque, bulgarian, catalan, pinyin, coptic, croatian, czech, danish, dutc
h, esperanto, estonian, farsi, finnish, french, galician, german, ngerman, mono
greek, greek, hungarian, icelandic, indonesian, interlingua, irish, italian, ku
rmanji, latin, latvian, lithuanian, mongolian, mongolian2a, bokmal, nynorsk, po
lish, portuguese, romanian, russian, sanskrit, serbian, slovak, slovenian, span
ish, swedish, turkish, ukenglish, ukrainian, uppersorbian, welsh, loaded.
(/usr/share/texmf-dist/tex/latex/koma-script/scrartcl.cls
Document Class: scrartcl 2009/07/24 v3.04a KOMA-Script document class (article)

(/usr/share/texmf-dist/tex/latex/koma-script/scrkbase.sty
Package: scrkbase 2009/07/24 v3.04a KOMA-Script package (KOMA-Script-dependent 
basics and keyval usage)

(/usr/share/texmf-dist/tex/latex/koma-script/scrbase.sty
Package: scrbase 2009/07/24 v3.04a KOMA-Script package (KOMA-Script-independent
 basics and keyval usage)

(/usr/share/texmf-dist/tex/latex/graphics/keyval.sty
Package: keyval 1999/03/16 v1.13 key=value parser (DPC)
\KV@toks@=\toks14
)
(/usr/share/texmf-dist/tex/latex/koma-script/scrlfile.sty
Package: scrlfile 2009/03/25 v3.03 KOMA-Script package (loading files)

Package scrlfile, 2009/03/25 v3.03 KOMA-Script package (loading files)
                  Copyright (C) Markus Kohm

))) (/usr/share/texmf-dist/tex/latex/koma-script/tocbasic.sty
Package: tocbasic 2009/06/08 v3.03b KOMA-Script package (handling toc-files)
)
Package tocbasic Info: omitting babel extension for `toc'
(tocbasic)             because of feature `nobabel' available
(tocbasic)             for `toc' on input line 115.
Package tocbasic Info: omitting babel extension for `lof'
(tocbasic)             because of feature `nobabel' available
(tocbasic)             for `lof' on input line 116.
Package tocbasic Info: omitting babel extension for `lot'
(tocbasic)             because of feature `nobabel' available
(tocbasic)             for `lot' on input line 117.
Package scrartcl Info: You've used obsolete option `12pt'.
(scrartcl)             \KOMAExecuteOptions{fontsize=12pt} will be
(scrartcl)             used instead.
(scrartcl)             You may simply replace `12pt'
(scrartcl)             by `fontsize=12pt'.


Class scrartcl Warning: You've used obsolete option `bibtotocnumbered'.
(scrartcl)              Usage of this option indicates an old document and
(scrartcl)              changes compatibility level using
(scrartcl)              `bibliography=totocnumbered,version=first'.
(scrartcl)              If you don't want this, you should simply replace
(scrartcl)              usage of option `bibtotocnumbered' by `bibliography=tot
ocnumbered'.

Class scrartcl Info: Switching compatibility level to `first'.

Class scrartcl Warning: You've used obsolete option `smallheadings'.
(scrartcl)              Usage of this option indicates an old document and
(scrartcl)              changes compatibility level using
(scrartcl)              `headings=small,version=first'.
(scrartcl)              If you don't want this, you should simply replace
(scrartcl)              usage of option `smallheadings' by `headings=small'.

Class scrartcl Info: Switching compatibility level to `first'.

Class scrartcl Warning: You've used obsolete option `pointednumbers'.
(scrartcl)              Usage of this option indicates an old document and
(scrartcl)              changes compatibility level using
(scrartcl)              `numbers=enddot,version=first'.
(scrartcl)              If you don't want this, you should simply replace
(scrartcl)              usage of option `pointednumbers' by `numbers=enddot'.

Class scrartcl Info: Switching compatibility level to `first'.
Class scrartcl Info: File `scrsize12pt.clo' used to setup font sizes on input l
ine 1171.
(/usr/share/texmf-dist/tex/latex/koma-script/scrsize12pt.clo
File: scrsize12pt.clo 2009/07/24 v3.04a KOMA-Script font size class option (12p
t)
)
(/usr/share/texmf-dist/tex/latex/koma-script/typearea.sty
Package: typearea 2009/07/24 v3.04a KOMA-Script package (type area)

Package typearea, 2009/07/24 v3.04a KOMA-Script package (type area)
                  Copyright (C) Frank Neukam, 1992-1994
                  Copyright (C) Markus Kohm, 1994-

\ta@bcor=\skip41
\ta@div=\count80
Package typearea Info: You've used standard option `a4paper'.
(typearea)             This is correct!
(typearea)             Internaly I'm using `paper=a4'.
(typearea)             If you'd like to set the option with \KOMAoptions,
(typearea)             you'd have to use `paper=a4' there
(typearea)             instead of `a4paper', too.
\ta@hblk=\skip42
\ta@vblk=\skip43
\ta@temp=\skip44
Package typearea Info: These are the values describing the layout:
(typearea)             DIV  = 12
(typearea)             BCOR = 0.0pt
(typearea)             \paperwidth      = 597.50793pt
(typearea)              \textwidth      = 448.13095pt
(typearea)              DIV departure   = -6%
(typearea)              \evensidemargin = 2.4185pt
(typearea)              \oddsidemargin  = 2.4185pt
(typearea)             \paperheight     = 845.04694pt
(typearea)              \textheight     = 635.5pt
(typearea)              \topmargin      = -41.72441pt
(typearea)              \headheight     = 18.125pt
(typearea)              \headsep        = 21.75pt
(typearea)              \topskip        = 12.0pt
(typearea)              \footskip       = 50.75pt
(typearea)              \baselineskip   = 14.5pt
(typearea)              on input line 1115.
)
\c@part=\count81
\c@section=\count82
\c@subsection=\count83
\c@subsubsection=\count84
\c@paragraph=\count85
\c@subparagraph=\count86
\abovecaptionskip=\skip45
\belowcaptionskip=\skip46
\c@pti@nb@sid@b@x=\box26
\c@figure=\count87
\c@table=\count88
\bibindent=\dimen102
) (./genzi.sty
Package: genzi 2009/07/05 Genzi XeLaTeX package
 (/usr/share/texmf-dist/tex/latex/base/ifthen.sty
Package: ifthen 2001/05/26 v1.1c Standard LaTeX ifthen package (DPC)
)
(/usr/share/texmf-dist/tex/xelatex/fontspec/fontspec.sty
Package: fontspec 2008/08/09 v1.18 Advanced font selection for XeLaTeX

(/usr/share/texmf-dist/tex/generic/ifxetex/ifxetex.sty
Package: ifxetex 2009/01/23 v0.5 Provides ifxetex conditional
)
\c@zf@newff=\count89
\c@zf@index=\count90
\c@zf@script=\count91
\c@zf@language=\count92

(/usr/share/texmf-dist/tex/latex/tools/calc.sty
Package: calc 2007/08/22 v4.3 Infix arithmetic (KKT,FJ)
\calc@Acount=\count93
\calc@Bcount=\count94
\calc@Adimen=\dimen103
\calc@Bdimen=\dimen104
\calc@Askip=\skip47
\calc@Bskip=\skip48
LaTeX Info: Redefining \setlength on input line 76.
LaTeX Info: Redefining \addtolength on input line 77.
\calc@Ccount=\count95
\calc@Cskip=\skip49
)
(/usr/share/texmf-dist/tex/latex/xkeyval/xkeyval.sty
Package: xkeyval 2008/08/13 v2.6a package option processing (HA)

(/usr/share/texmf-dist/tex/generic/xkeyval/xkeyval.tex
\XKV@toks=\toks15
\XKV@tempa@toks=\toks16
\XKV@depth=\count96
File: xkeyval.tex 2008/08/13 v2.6a key=value parser (HA)
))
(/usr/share/texmf-dist/tex/latex/base/fontenc.sty
Package: fontenc 2005/09/27 v1.99g Standard LaTeX package

(/usr/share/texmf-dist/tex/xelatex/euenc/eu1enc.def
File: eu1enc.def 2008/03/08 v0.1d Experimental unicode font encoding
)
LaTeX Font Info:    Try loading font information for EU1+lmr on input line 100.


(/usr/share/texmf-dist/tex/xelatex/euenc/eu1lmr.fd
File: eu1lmr.fd 2007/01/14 v1.3 Font defs for Latin Modern
))
LaTeX Info: Redefining \itshape on input line 1163.
LaTeX Info: Redefining \slshape on input line 1166.
LaTeX Info: Redefining \scshape on input line 1169.
LaTeX Info: Redefining \upshape on input line 1172.

fontspec.cfg loaded.
(/usr/share/texmf-dist/tex/xelatex/fontspec/fontspec.cfg))
\zw=\skip50
\c@zf@famc@Minion Pro=\count97
Package fontspec Info: Defining font family for 'Minion Pro' with options [Mapp
ing=tex-text, Numbers=OldStyle] on input line 291.
)
(/usr/share/texmf-dist/tex/xelatex/xltxtra/xltxtra.sty
Package: xltxtra 2009/09/02 v0.5 Improvements for the "XeLaTeX" format

(/usr/share/texmf-dist/tex/xelatex/xunicode/xunicode.sty
File: xunicode.sty 2008/02/08 v0.91 provides access to latin accents and many o
ther characters in Unicode lower plane
)
(/usr/share/texmf-dist/tex/latex/metalogo/metalogo.sty
Package: metalogo 2009/09/04 v0.11 Extended TeX logo macros

(/usr/share/texmf-dist/tex/latex/graphics/graphicx.sty
Package: graphicx 1999/02/16 v1.0f Enhanced LaTeX Graphics (DPC,SPQR)

(/usr/share/texmf-dist/tex/latex/graphics/graphics.sty
Package: graphics 2009/02/05 v1.0o Standard LaTeX Graphics (DPC,SPQR)

(/usr/share/texmf-dist/tex/latex/graphics/trig.sty
Package: trig 1999/03/16 v1.09 sin cos tan (DPC)
)
(/usr/share/texmf-dist/tex/latex/latexconfig/graphics.cfg
File: graphics.cfg 2009/08/28 v1.8 graphics configuration of TeX Live
)
Package graphics Info: Driver file: xetex.def on input line 91.

(/usr/share/texmf-dist/tex/xelatex/xetex-def/xetex.def
File: xetex.def 2006/08/10 v0.92 LaTeX color/graphics driver for XeTeX (RRM, mo
d. JK)
))
\Gin@req@height=\dimen105
\Gin@req@width=\dimen106
)
\xl@everylogo=\toks17
\xl@@everylogo=\toks18
LaTeX Info: Redefining \TeX on input line 193.
LaTeX Info: Redefining \LaTeX on input line 202.
LaTeX Info: Redefining \LaTeXe on input line 219.
)
(/usr/share/texmf-dist/tex/latex/etex-pkg/etex.sty
Package: etex 1998/03/26 v2.0 eTeX basic definition package (PEB)
\et@xins=\count98
)
(/usr/share/texmf-dist/tex/latex/base/fixltx2e.sty
Package: fixltx2e 2006/09/13 v1.1m fixes to LaTeX
LaTeX Info: Redefining \em on input line 420.
LaTeX Info: Redefining \textsubscript on input line 424.
)
LaTeX Info: Redefining \em on input line 72.
LaTeX Info: Redefining \emph on input line 81.
LaTeX Info: Redefining \- on input line 86.
LaTeX Info: Redefining \textsubscript on input line 105.
LaTeX Info: Redefining \textsuperscript on input line 107.
\xxt@tempbox=\box27
) (./lexikon.sty
Package: lexikon 1999/05/13 v0.1c LaTeX2e lexikon package
\leftfield=\skip51
\rightfield=\skip52
\dictindent=\skip53
)
(/usr/share/texmf-dist/tex/latex/setspace/setspace.sty
Package: setspace 2000/12/01 6.7 Contributed and Supported LaTeX2e package

Package: `setspace' 6.7 <2000/12/01>
) (/usr/share/texmf-dist/tex/latex/geometry/geometry.sty
Package: geometry 2008/12/21 v4.2 Page Geometry

(/usr/share/texmf-dist/tex/generic/oberdiek/ifpdf.sty
Package: ifpdf 2009/04/10 v2.0 Provides the ifpdf switch (HO)
Package ifpdf Info: pdfTeX in pdf mode not detected.
)
(/usr/share/texmf-dist/tex/generic/oberdiek/ifvtex.sty
Package: ifvtex 2008/11/04 v1.4 Switches for detecting VTeX and its modes (HO)
Package ifvtex Info: VTeX not detected.
)
\Gm@cnth=\count99
\Gm@cntv=\count100
\c@Gm@tempcnt=\count101
\Gm@bindingoffset=\dimen107
\Gm@wd@mp=\dimen108
\Gm@odd@mp=\dimen109
\Gm@even@mp=\dimen110
\Gm@dimlist=\toks19

(/usr/share/texmf-dist/tex/xelatex/xetexconfig/geometry.cfg))
(/usr/share/texmf-dist/tex/latex/hanging/hanging.sty
Package: hanging 2009/09/02 v1.2b hanging paragraphs and punctuation
\h@ngcommawd=\skip54
\h@ngfstopwd=\skip55
\h@ngquotewd=\skip56
\h@ngdquotewd=\skip57
\h@ngquerywd=\skip58
\h@ngexclwd=\skip59
\h@ngcolonwd=\skip60
\h@ngscolonwd=\skip61
)
(/usr/share/texmf-dist/tex/latex/tools/multicol.sty
Package: multicol 2008/12/05 v1.6h multicolumn formatting (FMi)
\c@tracingmulticols=\count102
\mult@box=\box28
\multicol@leftmargin=\dimen111
\c@unbalance=\count103
\c@collectmore=\count104
\doublecol@number=\count105
\multicoltolerance=\count106
\multicolpretolerance=\count107
\full@width=\dimen112
\page@free=\dimen113
\premulticols=\dimen114
\postmulticols=\dimen115
\multicolsep=\skip62
\multicolbaselineskip=\skip63
\partial@page=\box29
\last@line=\box30
\mult@rightbox=\box31
\mult@grightbox=\box32
\mult@gfirstbox=\box33
\mult@firstbox=\box34
\@tempa=\box35
\@tempa=\box36
\@tempa=\box37
\@tempa=\box38
\@tempa=\box39
\@tempa=\box40
\@tempa=\box41
\@tempa=\box42
\@tempa=\box43
\@tempa=\box44
\@tempa=\box45
\@tempa=\box46
\@tempa=\box47
\@tempa=\box48
\@tempa=\box49
\@tempa=\box50
\@tempa=\box51
\c@columnbadness=\count108
\c@finalcolumnbadness=\count109
\last@try=\dimen116
\multicolovershoot=\dimen117
\multicolundershoot=\dimen118
\mult@nat@firstbox=\box52
\colbreak@box=\box53
)
(/usr/share/texmf-dist/tex/latex/ms/ragged2e.sty
Package: ragged2e 2009/05/21 v2.1 ragged2e Package (MS)

(/usr/share/texmf-dist/tex/latex/ms/everysel.sty
Package: everysel 1999/06/08 v1.03 EverySelectfont Package (MS)
)
\CenteringLeftskip=\skip64
\RaggedLeftLeftskip=\skip65
\RaggedRightLeftskip=\skip66
\CenteringRightskip=\skip67
\RaggedLeftRightskip=\skip68
\RaggedRightRightskip=\skip69
\CenteringParfillskip=\skip70
\RaggedLeftParfillskip=\skip71
\RaggedRightParfillskip=\skip72
\JustifyingParfillskip=\skip73
\CenteringParindent=\skip74
\RaggedLeftParindent=\skip75
\RaggedRightParindent=\skip76
\JustifyingParindent=\skip77
) (./j2.aux)
\openout1 = `j2.aux'.

LaTeX Font Info:    Checking defaults for OML/cmm/m/it on input line 22.
LaTeX Font Info:    ... okay on input line 22.
LaTeX Font Info:    Checking defaults for T1/cmr/m/n on input line 22.
LaTeX Font Info:    ... okay on input line 22.
LaTeX Font Info:    Checking defaults for OT1/cmr/m/n on input line 22.
LaTeX Font Info:    ... okay on input line 22.
LaTeX Font Info:    Checking defaults for OMS/cmsy/m/n on input line 22.
LaTeX Font Info:    ... okay on input line 22.
LaTeX Font Info:    Checking defaults for OMX/cmex/m/n on input line 22.
LaTeX Font Info:    ... okay on input line 22.
LaTeX Font Info:    Checking defaults for U/cmr/m/n on input line 22.
LaTeX Font Info:    ... okay on input line 22.
LaTeX Font Info:    Checking defaults for EU1/lmr/m/n on input line 22.
LaTeX Font Info:    ... okay on input line 22.
Package fontspec Info: Adjusting the maths setup (use [no-math] to avoid this).
 on input line 22.
\symlegacymaths=\mathgroup4
LaTeX Font Info:    Overwriting symbol font `legacymaths' in version `bold'
(Font)                  OT1/cmr/m/n --> OT1/cmr/bx/n on input line 22.
LaTeX Font Info:    Redeclaring math accent \acute on input line 22.
LaTeX Font Info:    Redeclaring math accent \grave on input line 22.
LaTeX Font Info:    Redeclaring math accent \ddot on input line 22.
LaTeX Font Info:    Redeclaring math accent \tilde on input line 22.
LaTeX Font Info:    Redeclaring math accent \bar on input line 22.
LaTeX Font Info:    Redeclaring math accent \breve on input line 22.
LaTeX Font Info:    Redeclaring math accent \check on input line 22.
LaTeX Font Info:    Redeclaring math accent \hat on input line 22.
LaTeX Font Info:    Redeclaring math accent \dot on input line 22.
LaTeX Font Info:    Redeclaring math accent \mathring on input line 22.
LaTeX Font Info:    Redeclaring math symbol \colon on input line 22.
LaTeX Font Info:    Redeclaring math symbol \Gamma on input line 22.
LaTeX Font Info:    Redeclaring math symbol \Delta on input line 22.
LaTeX Font Info:    Redeclaring math symbol \Theta on input line 22.
LaTeX Font Info:    Redeclaring math symbol \Lambda on input line 22.
LaTeX Font Info:    Redeclaring math symbol \Xi on input line 22.
LaTeX Font Info:    Redeclaring math symbol \Pi on input line 22.
LaTeX Font Info:    Redeclaring math symbol \Sigma on input line 22.
LaTeX Font Info:    Redeclaring math symbol \Upsilon on input line 22.
LaTeX Font Info:    Redeclaring math symbol \Phi on input line 22.
LaTeX Font Info:    Redeclaring math symbol \Psi on input line 22.
LaTeX Font Info:    Redeclaring math symbol \Omega on input line 22.
LaTeX Font Info:    Redeclaring math symbol \mathdollar on input line 22.
LaTeX Font Info:    Redeclaring symbol font `operators' on input line 22.
LaTeX Font Info:    Encoding `OT1' has changed to `EU1' for symbol font
(Font)              `operators' in the math version `normal' on input line 22.
LaTeX Font Info:    Overwriting symbol font `operators' in version `normal'
(Font)                  OT1/cmr/m/n --> EU1/MinionPro(0)/m/n on input line 22.
LaTeX Font Info:    Encoding `OT1' has changed to `EU1' for symbol font
(Font)              `operators' in the math version `bold' on input line 22.
LaTeX Font Info:    Overwriting symbol font `operators' in version `bold'
(Font)                  OT1/cmr/bx/n --> EU1/MinionPro(0)/m/n on input line 22.

LaTeX Font Info:    Overwriting symbol font `operators' in version `normal'
(Font)                  EU1/MinionPro(0)/m/n --> EU1/MinionPro(0)/m/n on input 
line 22.
LaTeX Font Info:    Overwriting math alphabet `\mathrm' in version `normal'
(Font)                  EU1/MinionPro(0)/m/n --> EU1/MinionPro(0)/m/n on input 
line 22.
LaTeX Font Info:    Overwriting math alphabet `\mathit' in version `normal'
(Font)                  OT1/cmr/m/it --> EU1/MinionPro(0)/m/it on input line 22
.
LaTeX Font Info:    Overwriting math alphabet `\mathbf' in version `normal'
(Font)                  OT1/cmr/bx/n --> EU1/MinionPro(0)/bx/n on input line 22
.
LaTeX Font Info:    Overwriting math alphabet `\mathsf' in version `normal'
(Font)                  OT1/cmss/m/n --> EU1/lmss/m/n on input line 22.
LaTeX Font Info:    Overwriting math alphabet `\mathtt' in version `normal'
(Font)                  OT1/cmtt/m/n --> EU1/lmtt/m/n on input line 22.
LaTeX Font Info:    Overwriting symbol font `operators' in version `bold'
(Font)                  EU1/MinionPro(0)/m/n --> EU1/MinionPro(0)/bx/n on input
 line 22.
LaTeX Font Info:    Overwriting math alphabet `\mathrm' in version `bold'
(Font)                  EU1/MinionPro(0)/m/n --> EU1/MinionPro(0)/bx/n on input
 line 22.
LaTeX Font Info:    Overwriting math alphabet `\mathit' in version `bold'
(Font)                  OT1/cmr/bx/it --> EU1/MinionPro(0)/bx/it on input line 
22.
LaTeX Font Info:    Overwriting math alphabet `\mathsf' in version `bold'
(Font)                  OT1/cmss/bx/n --> EU1/lmss/bx/n on input line 22.
LaTeX Font Info:    Overwriting math alphabet `\mathtt' in version `bold'
(Font)                  OT1/cmtt/m/n --> EU1/lmtt/bx/n on input line 22.

*geometry detected driver: pdftex*
-------------------- Geometry parameters
paper: a4paper
landscape: --
twocolumn: --
twoside: --
asymmetric: --
h-parts: 99.58464pt, 398.3386pt, 99.58464pt
v-parts: 99.58464pt, 623.11536pt, 122.34685pt
hmarginratio: --
vmarginratio: --
lines: --
heightrounded: --
bindingoffset: 0.0pt
truedimen: --
includehead: --
includefoot: --
includemp: --
driver: pdftex
-------------------- Page layout dimensions and switches
\paperwidth  597.50787pt
\paperheight 845.04684pt
\textwidth  398.3386pt
\textheight 623.11536pt
\oddsidemargin  27.31465pt
\evensidemargin 27.31465pt
\topmargin  -12.56035pt
\headheight 18.125pt
\headsep    21.75pt
\footskip   50.75pt
\marginparwidth 49.79233pt
\marginparsep   12.8401pt
\columnsep  10.0pt
\skip\footins  10.8pt plus 4.0pt minus 2.0pt
\hoffset 0.0pt
\voffset 0.0pt
\mag 1000

(1in=72.27pt, 1cm=28.45pt)
-----------------------
LaTeX Info: Redefining \selectfont on input line 22.
LaTeX Font Info:    Try loading font information for EU1+lmss on input line 29.

(/usr/share/texmf-dist/tex/xelatex/euenc/eu1lmss.fd
File: eu1lmss.fd 2007/01/14 v1.3 Font defs for Latin Modern
)
\c@zf@famc@Kozuka Mincho Pro-VI=\count110
Package fontspec Info: Defining font family for 'Kozuka Mincho Pro-VI' with opt
ions [Mapping=tex-text,BoldFont={Kozuka Gothic Pro-VI},RawFeature=+fwid;-halt;+
hkna;-hwid;-palt;-pwid;-qwid;-twid,Scale=0.878] on input line 30.
Package fontspec Info: Could not resolve font Kozuka Mincho Pro-VI/I (it might 
not exist) on input line 30.
Package fontspec Info: Could not resolve font Kozuka Gothic Pro-VI/I (it might 
not exist) on input line 30.
LaTeX Font Info:    Font shape `EU1/KozukaMinchoPro-VI(0)/m/n' will be
(Font)              scaled to size 10.53607pt on input line 30.
Package fontspec Info: Defining font family for 'Minion Pro' with options [Mapp
ing=tex-text,] on input line 30.
Missing character: There is no   in font Minion Pro/ICU:mapping=tex-text,+onu
m,!
Missing character: There is no   in font Minion Pro/ICU:mapping=tex-text,+onu
m,!
Missing character: There is no   in font Minion Pro/ICU:mapping=tex-text,+onu
m,!
Missing character: There is no   in font Minion Pro/ICU:mapping=tex-text,+onu
m,!
Missing character: There is no   in font Minion Pro/ICU:mapping=tex-text,+onu
m,!
Missing character: There is no   in font Minion Pro/ICU:mapping=tex-text,+onu
m,!
Missing character: There is no   in font Minion Pro/ICU:mapping=tex-text,+onu
m,!
Missing character: There is no ⇒ in font Minion Pro/ICU:mapping=tex-text,+onu
m,!
Missing character: There is no ⇒ in font Minion Pro/ICU:mapping=tex-text,+onu
m,!
 [1

]
Missing character: There is no ⇒ in font Minion Pro/ICU:mapping=tex-text,+onu
m,!
Missing character: There is no   in font Minion Pro/ICU:mapping=tex-text,+onu
m,!
Missing character: There is no   in font Minion Pro/ICU:mapping=tex-text,+onu
m,!
Missing character: There is no   in font Minion Pro/ICU:mapping=tex-text,+onu
m,!
Missing character: There is no   in font Minion Pro/ICU:mapping=tex-text,+onu
m,!
Missing character: There is no ⇒ in font Minion Pro/ICU:mapping=tex-text,+onu
m,!
 [2]
Missing character: There is no ⇒ in font Minion Pro/ICU:mapping=tex-text,+onu
m,!
Missing character: There is no   in font Minion Pro/ICU:mapping=tex-text,+onu
m,!
Missing character: There is no   in font Minion Pro/ICU:mapping=tex-text,+onu
m,!
Missing character: There is no ⇒ in font Minion Pro/ICU:mapping=tex-text,+onu
m,!
Missing character: There is no ⇒ in font Minion Pro/ICU:mapping=tex-text,+onu
m,!
Missing character: There is no   in font Minion Pro/ICU:mapping=tex-text,+onu
m,!
Missing character: There is no   in font Minion Pro/ICU:mapping=tex-text,+onu
m,!
Missing character: There is no   in font Minion Pro/ICU:mapping=tex-text,+onu
m,!
Missing character: There is no   in font Minion Pro/ICU:mapping=tex-text,+onu
m,!
Missing character: There is no ⇒ in font Minion Pro/ICU:mapping=tex-text,+onu
m,!
Missing character: There is no ⇒ in font Minion Pro/ICU:mapping=tex-text,+onu
m,!
 [3]
Missing character: There is no ⇒ in font Minion Pro/ICU:mapping=tex-text,+onu
m,!
Missing character: There is no   in font Minion Pro/ICU:mapping=tex-text,+onu
m,!
Missing character: There is no   in font Minion Pro/ICU:mapping=tex-text,+onu
m,!
Missing character: There is no ⇒ in font Minion Pro/ICU:mapping=tex-text,+onu
m,!
Missing character: There is no ⇒ in font Minion Pro/ICU:mapping=tex-text,!
Package fontspec Info: Defining font family for 'Kozuka Mincho Pro-VI' with opt
ions [Mapping=tex-text,BoldFont={Kozuka Gothic Pro-VI},RawFeature=-fwid;-halt;+
hwid;-palt;-pwid;-qwid;-twid,Scale=0.878] on input line 425.
Package fontspec Info: Could not resolve font Kozuka Mincho Pro-VI/I (it might 
not exist) on input line 425.
Package fontspec Info: Could not resolve font Kozuka Gothic Pro-VI/I (it might 
not exist) on input line 425.
LaTeX Font Info:    Font shape `EU1/KozukaMinchoPro-VI(1)/bx/n' will be
(Font)              scaled to size 10.53607pt on input line 425.
LaTeX Font Info:    Font shape `EU1/KozukaMinchoPro-VI(1)/m/n' will be
(Font)              scaled to size 10.53607pt on input line 426.

Overfull \hbox (3.34676pt too wide) in paragraph at lines 424--427
[]\EU1/lmss/bx/n/12 aikokushinganiwakanibokkishita\EU1/KozukaMinchoPro-VI(1)/bx
/n/12 。 
 []

[4]
Missing character: There is no ⇒ in font Minion Pro/ICU:mapping=tex-text,+onu
m,!
Missing character: There is no   in font Minion Pro/ICU:mapping=tex-text,+onu
m,!
Missing character: There is no   in font Minion Pro/ICU:mapping=tex-text,+onu
m,!
Missing character: There is no   in font Minion Pro/ICU:mapping=tex-text,+onu
m,!
Missing character: There is no   in font Minion Pro/ICU:mapping=tex-text,+onu
m,!
Missing character: There is no   in font Minion Pro/ICU:mapping=tex-text,+onu
m,!
Missing character: There is no   in font Minion Pro/ICU:mapping=tex-text,+onu
m,!
 [5]
Missing character: There is no ‑ in font Minion Pro/ICU:mapping=tex-text,+onu
m,!
Missing character: There is no   in font Minion Pro/ICU:mapping=tex-text,+onu
m,!
Missing character: There is no   in font Minion Pro/ICU:mapping=tex-text,+onu
m,!
Missing character: There is no   in font Minion Pro/ICU:mapping=tex-text,+onu
m,!
Missing character: There is no   in font Minion Pro/ICU:mapping=tex-text,+onu
m,!
Missing character: There is no   in font Minion Pro/ICU:mapping=tex-text,+onu
m,!
 [6]
Missing character: There is no   in font Minion Pro/ICU:mapping=tex-text,+onu
m,!
Missing character: There is no   in font Minion Pro/ICU:mapping=tex-text,+onu
m,!
Missing character: There is no   in font Minion Pro/ICU:mapping=tex-text,+onu
m,!
Missing character: There is no   in font Minion Pro/ICU:mapping=tex-text,+onu
m,!
Missing character: There is no   in font Minion Pro/ICU:mapping=tex-text,+onu
m,!
Missing character: There is no   in font Minion Pro/ICU:mapping=tex-text,+onu
m,!
Missing character: There is no   in font Minion Pro/ICU:mapping=tex-text,+onu
m,!
Missing character: There is no   in font Minion Pro/ICU:mapping=tex-text,+onu
m,!
Missing character: There is no   in font Minion Pro/ICU:mapping=tex-text,+onu
m,!
 [7]
Missing character: There is no ⇒ in font Minion Pro/ICU:mapping=tex-text,+onu
m,!
Missing character: There is no ⇒ in font Minion Pro/ICU:mapping=tex-text,+onu
m,!
Missing character: There is no ⇒ in font Minion Pro/ICU:mapping=tex-text,+onu
m,!
Missing character: There is no   in font Minion Pro/ICU:mapping=tex-text,+onu
m,!
Missing character: There is no   in font Minion Pro/ICU:mapping=tex-text,+onu
m,!
Missing character: There is no ⇒ in font Minion Pro/ICU:mapping=tex-text,+onu
m,!
 [8]
Missing character: There is no ‑ in font Minion Pro/ICU:mapping=tex-text,+onu
m,!
Missing character: There is no ‑ in font Minion Pro/ICU:mapping=tex-text,+onu
m,!
Missing character: There is no   in font Minion Pro/ICU:mapping=tex-text,+onu
m,!
Missing character: There is no ⇒ in font Minion Pro/ICU:mapping=tex-text,+onu
m,!
 [9]
Missing character: There is no ⇒ in font Minion Pro/ICU:mapping=tex-text,+onu
m,!
Missing character: There is no   in font Minion Pro/ICU:mapping=tex-text,+onu
m,!
Missing character: There is no   in font Minion Pro/ICU:mapping=tex-text,+onu
m,!
Missing character: There is no   in font Minion Pro/ICU:mapping=tex-text,+onu
m,!
Missing character: There is no   in font Minion Pro/ICU:mapping=tex-text,+onu
m,!
Missing character: There is no   in font Minion Pro/ICU:mapping=tex-text,+onu
m,!
Missing character: There is no ⇒ in font Minion Pro/ICU:mapping=tex-text,+onu
m,!
Missing character: There is no   in font Minion Pro/ICU:mapping=tex-text,+onu
m,!
Missing character: There is no   in font Minion Pro/ICU:mapping=tex-text,+onu
m,!
 [10]
Missing character: There is no   in font Minion Pro/ICU:mapping=tex-text,+onu
m,!
Missing character: There is no   in font Minion Pro/ICU:mapping=tex-text,+onu
m,!
Missing character: There is no ⇒ in font Minion Pro/ICU:mapping=tex-text,+onu
m,!
Missing character: There is no ⇒ in font Minion Pro/ICU:mapping=tex-text,+onu
m,!
Missing character: There is no   in font Minion Pro/ICU:mapping=tex-text,+onu
m,!
Missing character: There is no   in font Minion Pro/ICU:mapping=tex-text,+onu
m,!
Missing character: There is no ⇒ in font Minion Pro/ICU:mapping=tex-text,+onu
m,!
Missing character: There is no ⇒ in font Minion Pro/ICU:mapping=tex-text,+onu
m,!
Missing character: There is no   in font Minion Pro/ICU:mapping=tex-text,+onu
m,!
Missing character: There is no   in font Minion Pro/ICU:mapping=tex-text,+onu
m,!
Missing character: There is no ⇒ in font Minion Pro/ICU:mapping=tex-text,+onu
m,!
 [11]
Missing character: There is no   in font Minion Pro/ICU:mapping=tex-text,+onu
m,!
Missing character: There is no   in font Minion Pro/ICU:mapping=tex-text,+onu
m,!
Missing character: There is no ⇒ in font Minion Pro/ICU:mapping=tex-text,+onu
m,!
Missing character: There is no ⇒ in font Minion Pro/ICU:mapping=tex-text,!
Missing character: There is no   in font Minion Pro/ICU:mapping=tex-text,+onu
m,!
Missing character: There is no   in font Minion Pro/ICU:mapping=tex-text,+onu
m,!
 [12]
Missing character: There is no   in font Minion Pro/ICU:mapping=tex-text,+onu
m,!
Missing character: There is no   in font Minion Pro/ICU:mapping=tex-text,+onu
m,!
Missing character: There is no   in font Minion Pro/ICU:mapping=tex-text,+onu
m,!
Missing character: There is no   in font Minion Pro/ICU:mapping=tex-text,+onu
m,!
Missing character: There is no   in font Minion Pro/ICU:mapping=tex-text,+onu
m,!
Missing character: There is no   in font Minion Pro/ICU:mapping=tex-text,+onu
m,!
Missing character: There is no   in font Minion Pro/ICU:mapping=tex-text,+onu
m,!
Missing character: There is no   in font Minion Pro/ICU:mapping=tex-text,+onu
m,!
Missing character: There is no   in font Minion Pro/ICU:mapping=tex-text,+onu
m,!
 [13]
Missing character: There is no   in font Minion Pro/ICU:mapping=tex-text,+onu
m,!
Missing character: There is no   in font Minion Pro/ICU:mapping=tex-text,+onu
m,!
Missing character: There is no   in font Minion Pro/ICU:mapping=tex-text,+onu
m,!
Missing character: There is no   in font Minion Pro/ICU:mapping=tex-text,+onu
m,!
Missing character: There is no ⇒ in font Minion Pro/ICU:mapping=tex-text,+onu
m,!
Missing character: There is no ⇒ in font Minion Pro/ICU:mapping=tex-text,!
Missing character: There is no   in font Minion Pro/ICU:mapping=tex-text,!
Missing character: There is no ⇒ in font Minion Pro/ICU:mapping=tex-text,+onu
m,!
Missing character: There is no   in font Minion Pro/ICU:mapping=tex-text,+onu
m,!
 [14]
Missing character: There is no   in font Minion Pro/ICU:mapping=tex-text,+onu
m,!
Missing character: There is no   in font Minion Pro/ICU:mapping=tex-text,+onu
m,!
Missing character: There is no   in font Minion Pro/ICU:mapping=tex-text,+onu
m,!
 [15]
Missing character: There is no   in font Minion Pro/ICU:mapping=tex-text,+onu
m,!
Missing character: There is no   in font Minion Pro/ICU:mapping=tex-text,+onu
m,!
Missing character: There is no   in font Minion Pro/ICU:mapping=tex-text,+onu
m,!
Missing character: There is no   in font Minion Pro/ICU:mapping=tex-text,+onu
m,!
Missing character: There is no   in font Minion Pro/ICU:mapping=tex-text,+onu
m,!
Missing character: There is no   in font Minion Pro/ICU:mapping=tex-text,+onu
m,!
 [16]
Missing character: There is no   in font Minion Pro/ICU:mapping=tex-text,+onu
m,!
Missing character: There is no   in font Minion Pro/ICU:mapping=tex-text,+onu
m,!
Missing character: There is no   in font Minion Pro/ICU:mapping=tex-text,+onu
m,!
Missing character: There is no   in font Minion Pro/ICU:mapping=tex-text,+onu
m,!
Missing character: There is no   in font Minion Pro/ICU:mapping=tex-text,+onu
m,!
Missing character: There is no   in font Minion Pro/ICU:mapping=tex-text,+onu
m,!
 [17]
Missing character: There is no ⇒ in font Minion Pro/ICU:mapping=tex-text,+onu
m,!
Missing character: There is no   in font Minion Pro/ICU:mapping=tex-text,+onu
m,!
Missing character: There is no   in font Minion Pro/ICU:mapping=tex-text,+onu
m,!
 [18]
Missing character: There is no   in font Minion Pro/ICU:mapping=tex-text,+onu
m,!
Missing character: There is no   in font Minion Pro/ICU:mapping=tex-text,+onu
m,!
Missing character: There is no   in font Minion Pro/ICU:mapping=tex-text,+onu
m,!
Missing character: There is no   in font Minion Pro/ICU:mapping=tex-text,+onu
m,!
Missing character: There is no   in font Minion Pro/ICU:mapping=tex-text,+onu
m,!
Missing character: There is no   in font Minion Pro/ICU:mapping=tex-text,+onu
m,!
Missing character: There is no ⇒ in font Minion Pro/ICU:mapping=tex-text,+onu
m,!
Missing character: There is no   in font Minion Pro/ICU:mapping=tex-text,+onu
m,!
Missing character: There is no   in font Minion Pro/ICU:mapping=tex-text,+onu
m,!
Missing character: There is no   in font Minion Pro/ICU:mapping=tex-text,+onu
m,!
Missing character: There is no   in font Minion Pro/ICU:mapping=tex-text,+onu
m,!
Missing character: There is no ⇒ in font Minion Pro/ICU:mapping=tex-text,+onu
m,!
Missing character: There is no   in font Minion Pro/ICU:mapping=tex-text,+onu
m,!
Missing character: There is no   in font Minion Pro/ICU:mapping=tex-text,+onu
m,!

Overfull \hbox (0.13728pt too wide) in paragraph at lines 1920--1923
\EU1/MinionPro(0)/m/n/12 freundlichkeit (f). [2] Rechnung (f). (→ 
 []

Missing character: There is no   in font Minion Pro/ICU:mapping=tex-text,+onu
m,!
Missing character: There is no   in font Minion Pro/ICU:mapping=tex-text,+onu
m,!
Missing character: There is no ⇒ in font Minion Pro/ICU:mapping=tex-text,+onu
m,!
Missing character: There is no ‑ in font Minion Pro/ICU:mapping=tex-text,+onu
m,!
[19]
Missing character: There is no ⇒ in font Minion Pro/ICU:mapping=tex-text,+onu
m,!
Missing character: There is no   in font Minion Pro/ICU:mapping=tex-text,+onu
m,!
Missing character: There is no   in font Minion Pro/ICU:mapping=tex-text,+onu
m,!
Missing character: There is no   in font Minion Pro/ICU:mapping=tex-text,+onu
m,!
Missing character: There is no   in font Minion Pro/ICU:mapping=tex-text,+onu
m,!
Missing character: There is no   in font Minion Pro/ICU:mapping=tex-text,+onu
m,!
Missing character: There is no   in font Minion Pro/ICU:mapping=tex-text,+onu
m,!
Missing character: There is no ⇒ in font Minion Pro/ICU:mapping=tex-text,+onu
m,!
 [20]
Missing character: There is no ‑ in font Minion Pro/ICU:mapping=tex-text,+onu
m,!
Missing character: There is no   in font Minion Pro/ICU:mapping=tex-text,+onu
m,!
Missing character: There is no ⇒ in font Minion Pro/ICU:mapping=tex-text,+onu
m,!
Missing character: There is no   in font Minion Pro/ICU:mapping=tex-text,+onu
m,!
Missing character: There is no   in font Minion Pro/ICU:mapping=tex-text,+onu
m,!
Missing character: There is no   in font Minion Pro/ICU:mapping=tex-text,+onu
m,!
Missing character: There is no   in font Minion Pro/ICU:mapping=tex-text,+onu
m,!
 [21]
Missing character: There is no   in font Minion Pro/ICU:mapping=tex-text,+onu
m,!
Missing character: There is no   in font Minion Pro/ICU:mapping=tex-text,+onu
m,!

Underfull \hbox (badness 5578) in paragraph at lines 2204--2207
[]\EU1/lmss/bx/n/12 aisoyoku  \EU1/KozukaMinchoPro-VI(0)/m/n/12 愛 想 よ く
 
 []

Missing character: There is no   in font Minion Pro/ICU:mapping=tex-text,+onu
m,!
Missing character: There is no   in font Minion Pro/ICU:mapping=tex-text,+onu
m,!
Missing character: There is no   in font Minion Pro/ICU:mapping=tex-text,+onu
m,!
Missing character: There is no   in font Minion Pro/ICU:mapping=tex-text,+onu
m,!
[22]
Missing character: There is no   in font Minion Pro/ICU:mapping=tex-text,+onu
m,!
Missing character: There is no   in font Minion Pro/ICU:mapping=tex-text,+onu
m,!
Missing character: There is no   in font Minion Pro/ICU:mapping=tex-text,+onu
m,!
Missing character: There is no   in font Minion Pro/ICU:mapping=tex-text,+onu
m,!
Missing character: There is no   in font Minion Pro/ICU:mapping=tex-text,+onu
m,!
Missing character: There is no ‑ in font Minion Pro/ICU:mapping=tex-text,+onu
m,!
Missing character: There is no   in font Minion Pro/ICU:mapping=tex-text,+onu
m,!
Missing character: There is no   in font Minion Pro/ICU:mapping=tex-text,+onu
m,!
Missing character: There is no   in font Minion Pro/ICU:mapping=tex-text,+onu
m,!
Missing character: There is no   in font Minion Pro/ICU:mapping=tex-text,+onu
m,!
 [23]
Missing character: There is no   in font Minion Pro/ICU:mapping=tex-text,+onu
m,!
Missing character: There is no   in font Minion Pro/ICU:mapping=tex-text,+onu
m,!
Missing character: There is no   in font Minion Pro/ICU:mapping=tex-text,+onu
m,!
Missing character: There is no ⇒ in font Minion Pro/ICU:mapping=tex-text,+onu
m,!
Missing character: There is no ⇒ in font Minion Pro/ICU:mapping=tex-text,+onu
m,!
Missing character: There is no ⇒ in font Minion Pro/ICU:mapping=tex-text,+onu
m,!
 [24]
Missing character: There is no   in font Minion Pro/ICU:mapping=tex-text,+onu
m,!
Missing character: There is no   in font Minion Pro/ICU:mapping=tex-text,+onu
m,!
Missing character: There is no   in font Minion Pro/ICU:mapping=tex-text,+onu
m,!
 [25]
Missing character: There is no ⇒ in font Minion Pro/ICU:mapping=tex-text,!
Missing character: There is no   in font Minion Pro/ICU:mapping=tex-text,+onu
m,!
Missing character: There is no   in font Minion Pro/ICU:mapping=tex-text,+onu
m,!
Missing character: There is no ⇒ in font Minion Pro/ICU:mapping=tex-text,+onu
m,!
Missing character: There is no   in font Minion Pro/ICU:mapping=tex-text,+onu
m,!
Missing character: There is no   in font Minion Pro/ICU:mapping=tex-text,+onu
m,!
Missing character: There is no ⇒ in font Minion Pro/ICU:mapping=tex-text,+onu
m,!
 [26]
Missing character: There is no   in font Minion Pro/ICU:mapping=tex-text,+onu
m,!
Missing character: There is no   in font Minion Pro/ICU:mapping=tex-text,+onu
m,!
Missing character: There is no   in font Minion Pro/ICU:mapping=tex-text,+onu
m,!
Missing character: There is no   in font Minion Pro/ICU:mapping=tex-text,+onu
m,!

Overfull \hbox (46.04279pt too wide) in paragraph at lines 2772--2775
[]\EU1/lmss/bx/n/12 aitsunihakan’ninbukuronochogakiretayo\EU1/KozukaMinchoPro
-VI(1)/bx/n/12 。 
 []


Overfull \hbox (9.37076pt too wide) in paragraph at lines 2780--2783
[]\EU1/lmss/bx/n/12 aitsunoatsukamashisanihaakireru\EU1/KozukaMinchoPro-VI(1)/b
x/n/12 。 
 []


Overfull \hbox (49.36676pt too wide) in paragraph at lines 2788--2791
[]\EU1/lmss/bx/n/12 aitsuhanomuyorihokaninounonaiotokoda\EU1/KozukaMinchoPro-VI
(1)/bx/n/12 。 
 []

[27]
Missing character: There is no   in font Minion Pro/ICU:mapping=tex-text,+onu
m,!

Overfull \hbox (17.56677pt too wide) in paragraph at lines 2820--2823
[]\EU1/lmss/bx/n/12 aitsuwomakasunohawakenaikotosa\EU1/KozukaMinchoPro-VI(1)/bx
/n/12 。 
 []

Missing character: There is no   in font Minion Pro/ICU:mapping=tex-text,+onu
m,!
Missing character: There is no   in font Minion Pro/ICU:mapping=tex-text,+onu
m,!
Missing character: There is no   in font Minion Pro/ICU:mapping=tex-text,+onu
m,!
Missing character: There is no   in font Minion Pro/ICU:mapping=tex-text,+onu
m,!
Missing character: There is no ⇒ in font Minion Pro/ICU:mapping=tex-text,+onu
m,!
Missing character: There is no ⇒ in font Minion Pro/ICU:mapping=tex-text,+onu
m,!
Missing character: There is no ⇒ in font Minion Pro/ICU:mapping=tex-text,+onu
m,!
Missing character: There is no   in font Minion Pro/ICU:mapping=tex-text,+onu
m,!
Missing character: There is no   in font Minion Pro/ICU:mapping=tex-text,+onu
m,!
Missing character: There is no   in font Minion Pro/ICU:mapping=tex-text,+onu
m,!
Missing character: There is no   in font Minion Pro/ICU:mapping=tex-text,+onu
m,!
Missing character: There is no   in font Minion Pro/ICU:mapping=tex-text,+onu
m,!
Missing character: There is no   in font Minion Pro/ICU:mapping=tex-text,+onu
m,!
[28] [29]
Missing character: There is no   in font Minion Pro/ICU:mapping=tex-text,+onu
m,!
Missing character: There is no   in font Minion Pro/ICU:mapping=tex-text,+onu
m,!
Missing character: There is no   in font Minion Pro/ICU:mapping=tex-text,+onu
m,!
Missing character: There is no   in font Minion Pro/ICU:mapping=tex-text,+onu
m,!
Missing character: There is no   in font Minion Pro/ICU:mapping=tex-text,+onu
m,!
Missing character: There is no   in font Minion Pro/ICU:mapping=tex-text,+onu
m,!
Missing character: There is no   in font Minion Pro/ICU:mapping=tex-text,+onu
m,!
Missing character: There is no   in font Minion Pro/ICU:mapping=tex-text,+onu
m,!
Missing character: There is no ⇒ in font Minion Pro/ICU:mapping=tex-text,+onu
m,!
Missing character: There is no   in font Minion Pro/ICU:mapping=tex-text,+onu
m,!
Missing character: There is no   in font Minion Pro/ICU:mapping=tex-text,+onu
m,!
 [30]
Overfull \hbox (54.0347pt too wide) in paragraph at lines 3100--3103
[]\EU1/lmss/bx/n/12 aitenoatamaniichigekiwokuwaeyoutonerau 
 []


Overfull \hbox (48.95868pt too wide) in paragraph at lines 3104--3107
[]\EU1/lmss/bx/n/12 aitenoatamaniichigekiwokuwaeyokunerau 
 []

Missing character: There is no   in font Minion Pro/ICU:mapping=tex-text,+onu
m,!
Missing character: There is no   in font Minion Pro/ICU:mapping=tex-text,+onu
m,!
Missing character: There is no   in font Minion Pro/ICU:mapping=tex-text,+onu
m,!
Missing character: There is no   in font Minion Pro/ICU:mapping=tex-text,+onu
m,!
[31]
Overfull \hbox (3.9707pt too wide) in paragraph at lines 3200--3203
[]\EU1/lmss/bx/n/12 aitewodohyougiwaheoshitsumeru 
 []

Missing character: There is no   in font Minion Pro/ICU:mapping=tex-text,+onu
m,!
Missing character: There is no   in font Minion Pro/ICU:mapping=tex-text,+onu
m,!
Missing character: There is no ⇒ in font Minion Pro/ICU:mapping=tex-text,+onu
m,!
Missing character: There is no   in font Minion Pro/ICU:mapping=tex-text,+onu
m,!
Missing character: There is no   in font Minion Pro/ICU:mapping=tex-text,+onu
m,!
[32]
Missing character: There is no   in font Minion Pro/ICU:mapping=tex-text,+onu
m,!
Missing character: There is no   in font Minion Pro/ICU:mapping=tex-text,+onu
m,!
Missing character: There is no   in font Minion Pro/ICU:mapping=tex-text,+onu
m,!
Missing character: There is no   in font Minion Pro/ICU:mapping=tex-text,+onu
m,!
Missing character: There is no   in font Minion Pro/ICU:mapping=tex-text,+onu
m,!
Missing character: There is no   in font Minion Pro/ICU:mapping=tex-text,+onu
m,!
Missing character: There is no   in font Minion Pro/ICU:mapping=tex-text,+onu
m,!
Missing character: There is no ⇒ in font Minion Pro/ICU:mapping=tex-text,+onu
m,!
 [33]
Missing character: There is no   in font Minion Pro/ICU:mapping=tex-text,+onu
m,!
Missing character: There is no   in font Minion Pro/ICU:mapping=tex-text,+onu
m,!
Missing character: There is no   in font Minion Pro/ICU:mapping=tex-text,+onu
m,!
Missing character: There is no   in font Minion Pro/ICU:mapping=tex-text,+onu
m,!
Missing character: There is no   in font Minion Pro/ICU:mapping=tex-text,+onu
m,!
Missing character: There is no   in font Minion Pro/ICU:mapping=tex-text,+onu
m,!
Missing character: There is no   in font Minion Pro/ICU:mapping=tex-text,+onu
m,!
Missing character: There is no   in font Minion Pro/ICU:mapping=tex-text,+onu
m,!
Missing character: There is no   in font Minion Pro/ICU:mapping=tex-text,+onu
m,!
Missing character: There is no   in font Minion Pro/ICU:mapping=tex-text,+onu
m,!
Missing character: There is no   in font Minion Pro/ICU:mapping=tex-text,+onu
m,!

Overfull \hbox (0.58025pt too wide) in paragraph at lines 3472--3475
\EU1/MinionPro(0)/m/n/12 Bitte (f), deren Erfüllung unwahrschein- 
 []

Missing character: There is no   in font Minion Pro/ICU:mapping=tex-text,+onu
m,!
[34]
Overfull \hbox (14.91476pt too wide) in paragraph at lines 3504--3507
[]\EU1/lmss/bx/n/12 ainikuonozominohinhagozaimasen\EU1/KozukaMinchoPro-VI(1)/bx
/n/12 。 
 []

Missing character: There is no   in font Minion Pro/ICU:mapping=tex-text,+onu
m,!
[35]
Missing character: There is no   in font Minion Pro/ICU:mapping=tex-text,+onu
m,!
Missing character: There is no   in font Minion Pro/ICU:mapping=tex-text,+onu
m,!
Missing character: There is no ⇒ in font Minion Pro/ICU:mapping=tex-text,+onu
m,!
Missing character: There is no   in font Minion Pro/ICU:mapping=tex-text,+onu
m,!
Missing character: There is no   in font Minion Pro/ICU:mapping=tex-text,+onu
m,!
Missing character: There is no   in font Minion Pro/ICU:mapping=tex-text,+onu
m,!
Missing character: There is no ⇒ in font Minion Pro/ICU:mapping=tex-text,+onu
m,!
Missing character: There is no   in font Minion Pro/ICU:mapping=tex-text,+onu
m,!
Missing character: There is no   in font Minion Pro/ICU:mapping=tex-text,+onu
m,!
Missing character: There is no   in font Minion Pro/ICU:mapping=tex-text,+onu
m,!
Missing character: There is no ⇒ in font Minion Pro/ICU:mapping=tex-text,+onu
m,!
 [36]
Missing character: There is no   in font Minion Pro/ICU:mapping=tex-text,+onu
m,!
Missing character: There is no   in font Minion Pro/ICU:mapping=tex-text,+onu
m,!

Overfull \hbox (69.02269pt too wide) in paragraph at lines 3736--3739
[]\EU1/lmss/bx/n/12 ainotaishouhasorezoretengokunochuushinda\EU1/KozukaMinchoPr
o-VI(1)/bx/n/12 。 
 []

Missing character: There is no   in font Minion Pro/ICU:mapping=tex-text,+onu
m,!
Missing character: There is no   in font Minion Pro/ICU:mapping=tex-text,+onu
m,!
Missing character: There is no   in font Minion Pro/ICU:mapping=tex-text,+onu
m,!
Missing character: There is no   in font Minion Pro/ICU:mapping=tex-text,+onu
m,!
Missing character: There is no   in font Minion Pro/ICU:mapping=tex-text,+onu
m,!
Missing character: There is no   in font Minion Pro/ICU:mapping=tex-text,+onu
m,!
Missing character: There is no   in font Minion Pro/ICU:mapping=tex-text,+onu
m,!
Missing character: There is no   in font Minion Pro/ICU:mapping=tex-text,+onu
m,!
Missing character: There is no   in font Minion Pro/ICU:mapping=tex-text,+onu
m,!
Missing character: There is no   in font Minion Pro/ICU:mapping=tex-text,+onu
m,!
Missing character: There is no   in font Minion Pro/ICU:mapping=tex-text,+onu
m,!
[37]
Missing character: There is no ⇒ in font Minion Pro/ICU:mapping=tex-text,+onu
m,!
Missing character: There is no   in font Minion Pro/ICU:mapping=tex-text,+onu
m,!
Missing character: There is no   in font Minion Pro/ICU:mapping=tex-text,+onu
m,!
Missing character: There is no ⇒ in font Minion Pro/ICU:mapping=tex-text,+onu
m,!
Missing character: There is no ⇒ in font Minion Pro/ICU:mapping=tex-text,+onu
m,!
Missing character: There is no ⇒ in font Minion Pro/ICU:mapping=tex-text,+onu
m,!
Missing character: There is no   in font Minion Pro/ICU:mapping=tex-text,+onu
m,!
Missing character: There is no   in font Minion Pro/ICU:mapping=tex-text,+onu
m,!
Missing character: There is no   in font Minion Pro/ICU:mapping=tex-text,+onu
m,!
Missing character: There is no   in font Minion Pro/ICU:mapping=tex-text,+onu
m,!
Missing character: There is no   in font Minion Pro/ICU:mapping=tex-text,+onu
m,!
 [38]
Missing character: There is no   in font Minion Pro/ICU:mapping=tex-text,+onu
m,!
Missing character: There is no   in font Minion Pro/ICU:mapping=tex-text,+onu
m,!
Missing character: There is no   in font Minion Pro/ICU:mapping=tex-text,+onu
m,!
Missing character: There is no   in font Minion Pro/ICU:mapping=tex-text,+onu
m,!
 [39]
Missing character: There is no   in font Minion Pro/ICU:mapping=tex-text,+onu
m,!
Missing character: There is no   in font Minion Pro/ICU:mapping=tex-text,+onu
m,!
Missing character: There is no ⇒ in font Minion Pro/ICU:mapping=tex-text,+onu
m,!
Missing character: There is no   in font Minion Pro/ICU:mapping=tex-text,+onu
m,!
Missing character: There is no   in font Minion Pro/ICU:mapping=tex-text,+onu
m,!
Missing character: There is no   in font Minion Pro/ICU:mapping=tex-text,+onu
m,!
Missing character: There is no   in font Minion Pro/ICU:mapping=tex-text,+onu
m,!
Missing character: There is no ⇒ in font Minion Pro/ICU:mapping=tex-text,+onu
m,!
Missing character: There is no   in font Minion Pro/ICU:mapping=tex-text,!
Missing character: There is no   in font Minion Pro/ICU:mapping=tex-text,+onu
m,!
Missing character: There is no   in font Minion Pro/ICU:mapping=tex-text,+onu
m,!
Missing character: There is no   in font Minion Pro/ICU:mapping=tex-text,+onu
m,!
Missing character: There is no   in font Minion Pro/ICU:mapping=tex-text,+onu
m,!
 [40]
Missing character: There is no ⇔ in font Minion Pro/ICU:mapping=tex-text,+onu
m,!
Missing character: There is no ⇒ in font Minion Pro/ICU:mapping=tex-text,+onu
m,!
Missing character: There is no ⇒ in font Minion Pro/ICU:mapping=tex-text,+onu
m,!
Missing character: There is no ⇒ in font Minion Pro/ICU:mapping=tex-text,+onu
m,!
Missing character: There is no ⇒ in font Minion Pro/ICU:mapping=tex-text,+onu
m,!
Missing character: There is no ⇒ in font Minion Pro/ICU:mapping=tex-text,+onu
m,!
Missing character: There is no ⇒ in font Minion Pro/ICU:mapping=tex-text,+onu
m,!
 [41]
Missing character: There is no ⇒ in font Minion Pro/ICU:mapping=tex-text,+onu
m,!
Missing character: There is no ⇒ in font Minion Pro/ICU:mapping=tex-text,+onu
m,!
Missing character: There is no ⇒ in font Minion Pro/ICU:mapping=tex-text,+onu
m,!
Missing character: There is no   in font Minion Pro/ICU:mapping=tex-text,+onu
m,!
Missing character: There is no   in font Minion Pro/ICU:mapping=tex-text,+onu
m,!
Missing character: There is no   in font Minion Pro/ICU:mapping=tex-text,+onu
m,!
Missing character: There is no ⇒ in font Minion Pro/ICU:mapping=tex-text,+onu
m,!
 [42]
Missing character: There is no   in font Minion Pro/ICU:mapping=tex-text,+onu
m,!
Missing character: There is no   in font Minion Pro/ICU:mapping=tex-text,+onu
m,!
Missing character: There is no   in font Minion Pro/ICU:mapping=tex-text,+onu
m,!
Missing character: There is no   in font Minion Pro/ICU:mapping=tex-text,+onu
m,!
Missing character: There is no ⇒ in font Minion Pro/ICU:mapping=tex-text,+onu
m,!
Missing character: There is no ⇒ in font Minion Pro/ICU:mapping=tex-text,+onu
m,!
 [43] [44]
Missing character: There is no   in font Minion Pro/ICU:mapping=tex-text,+onu
m,!
Missing character: There is no   in font Minion Pro/ICU:mapping=tex-text,+onu
m,!
 [45]
Missing character: There is no ☞ in font Minion Pro/ICU:mapping=tex-text,+onu
m,!
Missing character: There is no   in font Minion Pro/ICU:mapping=tex-text,+onu
m,!
Missing character: There is no   in font Minion Pro/ICU:mapping=tex-text,+onu
m,!
Missing character: There is no   in font Minion Pro/ICU:mapping=tex-text,+onu
m,!
Missing character: There is no   in font Minion Pro/ICU:mapping=tex-text,+onu
m,!
Missing character: There is no   in font Minion Pro/ICU:mapping=tex-text,+onu
m,!
Missing character: There is no   in font Minion Pro/ICU:mapping=tex-text,+onu
m,!
Missing character: There is no   in font Minion Pro/ICU:mapping=tex-text,+onu
m,!
Missing character: There is no   in font Minion Pro/ICU:mapping=tex-text,+onu
m,!
Missing character: There is no   in font Minion Pro/ICU:mapping=tex-text,+onu
m,!
Missing character: There is no   in font Minion Pro/ICU:mapping=tex-text,+onu
m,!
 [46]
Missing character: There is no ⇒ in font Minion Pro/ICU:mapping=tex-text,+onu
m,!
Missing character: There is no   in font Minion Pro/ICU:mapping=tex-text,+onu
m,!
 [47]
Missing character: There is no ⇒ in font Minion Pro/ICU:mapping=tex-text,+onu
m,!
Missing character: There is no   in font Minion Pro/ICU:mapping=tex-text,+onu
m,!
Missing character: There is no   in font Minion Pro/ICU:mapping=tex-text,+onu
m,!
Missing character: There is no   in font Minion Pro/ICU:mapping=tex-text,+onu
m,!
Missing character: There is no   in font Minion Pro/ICU:mapping=tex-text,+onu
m,!
Missing character: There is no   in font Minion Pro/ICU:mapping=tex-text,+onu
m,!
 [48]
Missing character: There is no   in font Minion Pro/ICU:mapping=tex-text,+onu
m,!
Missing character: There is no ⇒ in font Minion Pro/ICU:mapping=tex-text,+onu
m,!
 [49]
Missing character: There is no   in font Minion Pro/ICU:mapping=tex-text,+onu
m,!
Missing character: There is no   in font Minion Pro/ICU:mapping=tex-text,+onu
m,!
Missing character: There is no   in font Minion Pro/ICU:mapping=tex-text,+onu
m,!
Missing character: There is no   in font Minion Pro/ICU:mapping=tex-text,+onu
m,!
Missing character: There is no ⇒ in font Minion Pro/ICU:mapping=tex-text,+onu
m,!
Missing character: There is no ⇒ in font Minion Pro/ICU:mapping=tex-text,+onu
m,!
 [50]
Missing character: There is no   in font Minion Pro/ICU:mapping=tex-text,+onu
m,!
Missing character: There is no   in font Minion Pro/ICU:mapping=tex-text,+onu
m,!
Missing character: There is no   in font Minion Pro/ICU:mapping=tex-text,+onu
m,!
Missing character: There is no   in font Kozuka Mincho Pro-VI R/ICU:mapping=t
ex-text,+fwid;-halt;+hkna;-hwid;-palt;-pwid;-qwid;-twid,!
Missing character: There is no   in font Kozuka Mincho Pro-VI R/ICU:mapping=t
ex-text,+fwid;-halt;+hkna;-hwid;-palt;-pwid;-qwid;-twid,!
Missing character: There is no   in font Kozuka Mincho Pro-VI R/ICU:mapping=t
ex-text,+fwid;-halt;+hkna;-hwid;-palt;-pwid;-qwid;-twid,!
Missing character: There is no   in font Kozuka Mincho Pro-VI R/ICU:mapping=t
ex-text,+fwid;-halt;+hkna;-hwid;-palt;-pwid;-qwid;-twid,!
Missing character: There is no   in font Kozuka Mincho Pro-VI R/ICU:mapping=t
ex-text,+fwid;-halt;+hkna;-hwid;-palt;-pwid;-qwid;-twid,!
Missing character: There is no   in font Minion Pro/ICU:mapping=tex-text,+onu
m,!
Missing character: There is no   in font Minion Pro/ICU:mapping=tex-text,+onu
m,!
Missing character: There is no   in font Minion Pro/ICU:mapping=tex-text,+onu
m,!
Missing character: There is no   in font Minion Pro/ICU:mapping=tex-text,+onu
m,!
 [51]
Missing character: There is no   in font Minion Pro/ICU:mapping=tex-text,+onu
m,!
Missing character: There is no   in font Minion Pro/ICU:mapping=tex-text,+onu
m,!
Missing character: There is no   in font Minion Pro/ICU:mapping=tex-text,+onu
m,!
Missing character: There is no   in font Minion Pro/ICU:mapping=tex-text,+onu
m,!
Missing character: There is no ☞ in font Minion Pro/ICU:mapping=tex-text,+onu
m,!
Missing character: There is no ☞ in font Minion Pro/ICU:mapping=tex-text,+onu
m,!
Missing character: There is no   in font Minion Pro/ICU:mapping=tex-text,+onu
m,!
Missing character: There is no   in font Minion Pro/ICU:mapping=tex-text,+onu
m,!
Missing character: There is no ⇒ in font Minion Pro/ICU:mapping=tex-text,+onu
m,!

Overfull \hbox (0.19196pt too wide) in paragraph at lines 5204--5207
\EU1/MinionPro(0)/m/n/12 [2] Vorkriegsgeneration (f). (von franz. 
 []

Missing character: There is no ⇒ in font Minion Pro/ICU:mapping=tex-text,+onu
m,!
Missing character: There is no ⇒ in font Minion Pro/ICU:mapping=tex-text,+onu
m,!
Missing character: There is no ⇒ in font Minion Pro/ICU:mapping=tex-text,+onu
m,!
Missing character: There is no ⇒ in font Minion Pro/ICU:mapping=tex-text,+onu
m,!
Missing character: There is no ⇒ in font Minion Pro/ICU:mapping=tex-text,+onu
m,!
Missing character: There is no ⇒ in font Minion Pro/ICU:mapping=tex-text,+onu
m,!
Missing character: There is no ⇒ in font Minion Pro/ICU:mapping=tex-text,+onu
m,!
Missing character: There is no ⇒ in font Minion Pro/ICU:mapping=tex-text,+onu
m,!
[52]
Missing character: There is no ⇒ in font Minion Pro/ICU:mapping=tex-text,+onu
m,!
Missing character: There is no   in font Minion Pro/ICU:mapping=tex-text,+onu
m,!
Missing character: There is no   in font Minion Pro/ICU:mapping=tex-text,+onu
m,!
Missing character: There is no   in font Minion Pro/ICU:mapping=tex-text,+onu
m,!
Missing character: There is no   in font Minion Pro/ICU:mapping=tex-text,+onu
m,!
Missing character: There is no   in font Minion Pro/ICU:mapping=tex-text,+onu
m,!
Missing character: There is no   in font Minion Pro/ICU:mapping=tex-text,+onu
m,!
Missing character: There is no   in font Minion Pro/ICU:mapping=tex-text,+onu
m,!
Missing character: There is no   in font Minion Pro/ICU:mapping=tex-text,+onu
m,!
 [53]
Missing character: There is no   in font Minion Pro/ICU:mapping=tex-text,+onu
m,!
Missing character: There is no   in font Minion Pro/ICU:mapping=tex-text,+onu
m,!
Missing character: There is no   in font Minion Pro/ICU:mapping=tex-text,+onu
m,!
Missing character: There is no   in font Minion Pro/ICU:mapping=tex-text,+onu
m,!
Missing character: There is no   in font Minion Pro/ICU:mapping=tex-text,+onu
m,!
Missing character: There is no ⇔ in font Minion Pro/ICU:mapping=tex-text,+onu
m,!
 [54]
Missing character: There is no ☞ in font Minion Pro/ICU:mapping=tex-text,+onu
m,!
Missing character: There is no   in font Minion Pro/ICU:mapping=tex-text,+onu
m,!
Missing character: There is no   in font Minion Pro/ICU:mapping=tex-text,+onu
m,!
Missing character: There is no   in font Minion Pro/ICU:mapping=tex-text,+onu
m,!
Missing character: There is no   in font Minion Pro/ICU:mapping=tex-text,+onu
m,!
Missing character: There is no   in font Minion Pro/ICU:mapping=tex-text,+onu
m,!
Missing character: There is no ☞ in font Minion Pro/ICU:mapping=tex-text,+onu
m,!
Missing character: There is no ☞ in font Minion Pro/ICU:mapping=tex-text,+onu
m,!
Missing character: There is no ⇔ in font Minion Pro/ICU:mapping=tex-text,+onu
m,!
Missing character: There is no ☞ in font Minion Pro/ICU:mapping=tex-text,+onu
m,!
Missing character: There is no   in font Minion Pro/ICU:mapping=tex-text,+onu
m,!
Missing character: There is no   in font Minion Pro/ICU:mapping=tex-text,+onu
m,!
Missing character: There is no ⇔ in font Minion Pro/ICU:mapping=tex-text,+onu
m,!
Missing character: There is no ⇔ in font Minion Pro/ICU:mapping=tex-text,+onu
m,!
 [55]
Missing character: There is no ⇔ in font Minion Pro/ICU:mapping=tex-text,+onu
m,!
Missing character: There is no   in font Minion Pro/ICU:mapping=tex-text,+onu
m,!
Missing character: There is no   in font Minion Pro/ICU:mapping=tex-text,+onu
m,!
Missing character: There is no   in font Minion Pro/ICU:mapping=tex-text,+onu
m,!
Missing character: There is no   in font Minion Pro/ICU:mapping=tex-text,+onu
m,!
Missing character: There is no   in font Minion Pro/ICU:mapping=tex-text,+onu
m,!
Missing character: There is no ⇔ in font Minion Pro/ICU:mapping=tex-text,+onu
m,!
Missing character: There is no ⇔ in font Minion Pro/ICU:mapping=tex-text,+onu
m,!
 [56]
Overfull \hbox (19.36668pt too wide) in paragraph at lines 5664--5667
[]\EU1/lmss/bx/n/12 autoba-nriyouryoukinchoushuuseido 
 []

[57]
Missing character: There is no   in font Minion Pro/ICU:mapping=tex-text,+onu
m,!
Missing character: There is no   in font Minion Pro/ICU:mapping=tex-text,+onu
m,!
Missing character: There is no ⇔ in font Minion Pro/ICU:mapping=tex-text,+onu
m,!
Missing character: There is no ☞ in font Minion Pro/ICU:mapping=tex-text,+onu
m,!
Missing character: There is no ⇔ in font Minion Pro/ICU:mapping=tex-text,+onu
m,!
Missing character: There is no   in font Minion Pro/ICU:mapping=tex-text,+onu
m,!
Missing character: There is no   in font Minion Pro/ICU:mapping=tex-text,+onu
m,!
Missing character: There is no   in font Minion Pro/ICU:mapping=tex-text,+onu
m,!
 [58]
Missing character: There is no   in font Minion Pro/ICU:mapping=tex-text,+onu
m,!
Missing character: There is no   in font Minion Pro/ICU:mapping=tex-text,+onu
m,!
Missing character: There is no   in font Minion Pro/ICU:mapping=tex-text,+onu
m,!
Missing character: There is no   in font Minion Pro/ICU:mapping=tex-text,+onu
m,!
Missing character: There is no   in font Minion Pro/ICU:mapping=tex-text,+onu
m,!
Missing character: There is no   in font Minion Pro/ICU:mapping=tex-text,+onu
m,!
Missing character: There is no   in font Minion Pro/ICU:mapping=tex-text,+onu
m,!
Missing character: There is no   in font Minion Pro/ICU:mapping=tex-text,+onu
m,!
Missing character: There is no   in font Minion Pro/ICU:mapping=tex-text,+onu
m,!
Missing character: There is no ⇒ in font Minion Pro/ICU:mapping=tex-text,+onu
m,!
Missing character: There is no   in font Minion Pro/ICU:mapping=tex-text,+onu
m,!
Missing character: There is no   in font Minion Pro/ICU:mapping=tex-text,+onu
m,!
Missing character: There is no   in font Minion Pro/ICU:mapping=tex-text,+onu
m,!
Missing character: There is no ‑ in font Minion Pro/ICU:mapping=tex-text,+onu
m,!
 [59]
Missing character: There is no   in font Minion Pro/ICU:mapping=tex-text,+onu
m,!
Missing character: There is no   in font Minion Pro/ICU:mapping=tex-text,+onu
m,!
Missing character: There is no ‑ in font Minion Pro/ICU:mapping=tex-text,+onu
m,!
Missing character: There is no   in font Minion Pro/ICU:mapping=tex-text,+onu
m,!
Missing character: There is no   in font Minion Pro/ICU:mapping=tex-text,+onu
m,!
Missing character: There is no   in font Minion Pro/ICU:mapping=tex-text,+onu
m,!
Missing character: There is no   in font Minion Pro/ICU:mapping=tex-text,+onu
m,!
Missing character: There is no   in font Minion Pro/ICU:mapping=tex-text,+onu
m,!
Missing character: There is no   in font Minion Pro/ICU:mapping=tex-text,+onu
m,!
Missing character: There is no   in font Minion Pro/ICU:mapping=tex-text,+onu
m,!
 [60]
Missing character: There is no   in font Minion Pro/ICU:mapping=tex-text,+onu
m,!

Overfull \hbox (1.35474pt too wide) in paragraph at lines 5956--5959
[]\EU1/lmss/bx/n/12 aetehantaisurutoiuwakedehanai\EU1/KozukaMinchoPro-VI(1)/bx/
n/12 。 
 []

Missing character: There is no   in font Minion Pro/ICU:mapping=tex-text,+onu
m,!
Missing character: There is no   in font Minion Pro/ICU:mapping=tex-text,+onu
m,!
Missing character: There is no   in font Minion Pro/ICU:mapping=tex-text,+onu
m,!
Missing character: There is no   in font Minion Pro/ICU:mapping=tex-text,+onu
m,!
Missing character: There is no   in font Minion Pro/ICU:mapping=tex-text,+onu
m,!
Missing character: There is no ⇒ in font Minion Pro/ICU:mapping=tex-text,+onu
m,!
[61] [62]
Missing character: There is no   in font Minion Pro/ICU:mapping=tex-text,+onu
m,!
Missing character: There is no   in font Minion Pro/ICU:mapping=tex-text,+onu
m,!
Missing character: There is no   in font Minion Pro/ICU:mapping=tex-text,+onu
m,!
Missing character: There is no   in font Minion Pro/ICU:mapping=tex-text,+onu
m,!
Missing character: There is no   in font Minion Pro/ICU:mapping=tex-text,+onu
m,!
Missing character: There is no ⇒ in font Minion Pro/ICU:mapping=tex-text,+onu
m,!
Missing character: There is no   in font Minion Pro/ICU:mapping=tex-text,!
Missing character: There is no   in font Minion Pro/ICU:mapping=tex-text,+onu
m,!
Missing character: There is no   in font Minion Pro/ICU:mapping=tex-text,+onu
m,!
Missing character: There is no ⇒ in font Minion Pro/ICU:mapping=tex-text,!
Missing character: There is no   in font Minion Pro/ICU:mapping=tex-text,+onu
m,!
Missing character: There is no   in font Minion Pro/ICU:mapping=tex-text,+onu
m,!
Missing character: There is no   in font Minion Pro/ICU:mapping=tex-text,+onu
m,!
Missing character: There is no   in font Minion Pro/ICU:mapping=tex-text,+onu
m,!
Missing character: There is no   in font Minion Pro/ICU:mapping=tex-text,+onu
m,!
 [63]
Missing character: There is no   in font Minion Pro/ICU:mapping=tex-text,+onu
m,!
Missing character: There is no   in font Minion Pro/ICU:mapping=tex-text,+onu
m,!
Missing character: There is no   in font Minion Pro/ICU:mapping=tex-text,+onu
m,!
 [64]
Missing character: There is no   in font Minion Pro/ICU:mapping=tex-text,+onu
m,!
Missing character: There is no   in font Minion Pro/ICU:mapping=tex-text,+onu
m,!
Missing character: There is no   in font Minion Pro/ICU:mapping=tex-text,+onu
m,!
Missing character: There is no   in font Minion Pro/ICU:mapping=tex-text,+onu
m,!
Missing character: There is no ‑ in font Minion Pro/ICU:mapping=tex-text,+onu
m,!

Overfull \hbox (1.13197pt too wide) in paragraph at lines 6460--6463
\EU1/MinionPro(0)/m/n/12 (f). [2] Steuererklärung (f) für Einkom- 
 []

Missing character: There is no ⇔ in font Minion Pro/ICU:mapping=tex-text,+onu
m,!
Missing character: There is no ‑ in font Minion Pro/ICU:mapping=tex-text,+onu
m,!
Missing character: There is no ⇔ in font Minion Pro/ICU:mapping=tex-text,+onu
m,!
Missing character: There is no ⇒ in font Minion Pro/ICU:mapping=tex-text,+onu
m,!
Missing character: There is no   in font Minion Pro/ICU:mapping=tex-text,+onu
m,!
Missing character: There is no   in font Minion Pro/ICU:mapping=tex-text,+onu
m,!
[65]
Missing character: There is no   in font Minion Pro/ICU:mapping=tex-text,+onu
m,!
Missing character: There is no   in font Minion Pro/ICU:mapping=tex-text,+onu
m,!
Missing character: There is no ⇒ in font Minion Pro/ICU:mapping=tex-text,+onu
m,!
Missing character: There is no ⇔ in font Minion Pro/ICU:mapping=tex-text,+onu
m,!
Missing character: There is no   in font Minion Pro/ICU:mapping=tex-text,+onu
m,!
Missing character: There is no   in font Minion Pro/ICU:mapping=tex-text,+onu
m,!
Missing character: There is no   in font Minion Pro/ICU:mapping=tex-text,+onu
m,!
Missing character: There is no   in font Minion Pro/ICU:mapping=tex-text,+onu
m,!
Missing character: There is no   in font Minion Pro/ICU:mapping=tex-text,+onu
m,!
Missing character: There is no   in font Minion Pro/ICU:mapping=tex-text,+onu
m,!
Missing character: There is no ‑ in font Minion Pro/ICU:mapping=tex-text,+onu
m,!
Missing character: There is no   in font Minion Pro/ICU:mapping=tex-text,+onu
m,!
 [66]
Missing character: There is no   in font Minion Pro/ICU:mapping=tex-text,+onu
m,!
Missing character: There is no   in font Minion Pro/ICU:mapping=tex-text,+onu
m,!
Missing character: There is no   in font Minion Pro/ICU:mapping=tex-text,+onu
m,!
Missing character: There is no   in font Minion Pro/ICU:mapping=tex-text,+onu
m,!
Missing character: There is no   in font Minion Pro/ICU:mapping=tex-text,+onu
m,!
Missing character: There is no   in font Minion Pro/ICU:mapping=tex-text,+onu
m,!
Missing character: There is no   in font Minion Pro/ICU:mapping=tex-text,+onu
m,!
Missing character: There is no   in font Minion Pro/ICU:mapping=tex-text,+onu
m,!
Missing character: There is no   in font Minion Pro/ICU:mapping=tex-text,+onu
m,!
Missing character: There is no   in font Minion Pro/ICU:mapping=tex-text,+onu
m,!
Missing character: There is no   in font Minion Pro/ICU:mapping=tex-text,+onu
m,!
Missing character: There is no   in font Minion Pro/ICU:mapping=tex-text,+onu
m,!
Missing character: There is no   in font Minion Pro/ICU:mapping=tex-text,+onu
m,!
Missing character: There is no   in font Minion Pro/ICU:mapping=tex-text,+onu
m,!
Missing character: There is no   in font Minion Pro/ICU:mapping=tex-text,+onu
m,!
Missing character: There is no   in font Minion Pro/ICU:mapping=tex-text,+onu
m,!
 [67]
Missing character: There is no   in font Minion Pro/ICU:mapping=tex-text,+onu
m,!
Missing character: There is no   in font Minion Pro/ICU:mapping=tex-text,+onu
m,!
Missing character: There is no   in font Minion Pro/ICU:mapping=tex-text,+onu
m,!
Missing character: There is no   in font Minion Pro/ICU:mapping=tex-text,+onu
m,!
Missing character: There is no   in font Minion Pro/ICU:mapping=tex-text,+onu
m,!
Missing character: There is no   in font Minion Pro/ICU:mapping=tex-text,+onu
m,!
Missing character: There is no   in font Minion Pro/ICU:mapping=tex-text,+onu
m,!
Missing character: There is no   in font Minion Pro/ICU:mapping=tex-text,+onu
m,!
Missing character: There is no   in font Minion Pro/ICU:mapping=tex-text,+onu
m,!
Missing character: There is no   in font Minion Pro/ICU:mapping=tex-text,+onu
m,!
Missing character: There is no   in font Minion Pro/ICU:mapping=tex-text,+onu
m,!
Missing character: There is no   in font Minion Pro/ICU:mapping=tex-text,+onu
m,!
Missing character: There is no   in font Minion Pro/ICU:mapping=tex-text,+onu
m,!
Missing character: There is no   in font Minion Pro/ICU:mapping=tex-text,+onu
m,!
Missing character: There is no   in font Minion Pro/ICU:mapping=tex-text,+onu
m,!
Missing character: There is no   in font Minion Pro/ICU:mapping=tex-text,+onu
m,!
Missing character: There is no   in font Minion Pro/ICU:mapping=tex-text,+onu
m,!
Missing character: There is no   in font Minion Pro/ICU:mapping=tex-text,+onu
m,!
Missing character: There is no ⇒ in font Minion Pro/ICU:mapping=tex-text,+onu
m,!
 [68]
Missing character: There is no   in font Minion Pro/ICU:mapping=tex-text,+onu
m,!
Missing character: There is no   in font Minion Pro/ICU:mapping=tex-text,+onu
m,!
Missing character: There is no   in font Minion Pro/ICU:mapping=tex-text,+onu
m,!
Missing character: There is no   in font Minion Pro/ICU:mapping=tex-text,+onu
m,!
Missing character: There is no ⇒ in font Minion Pro/ICU:mapping=tex-text,+onu
m,!
Missing character: There is no   in font Minion Pro/ICU:mapping=tex-text,+onu
m,!
Missing character: There is no   in font Minion Pro/ICU:mapping=tex-text,+onu
m,!
 [69]
Missing character: There is no   in font Minion Pro/ICU:mapping=tex-text,+onu
m,!
Missing character: There is no   in font Minion Pro/ICU:mapping=tex-text,+onu
m,!
Missing character: There is no   in font Minion Pro/ICU:mapping=tex-text,+onu
m,!
Missing character: There is no   in font Minion Pro/ICU:mapping=tex-text,+onu
m,!
Missing character: There is no   in font Minion Pro/ICU:mapping=tex-text,+onu
m,!
Missing character: There is no   in font Minion Pro/ICU:mapping=tex-text,+onu
m,!
Missing character: There is no   in font Minion Pro/ICU:mapping=tex-text,+onu
m,!
Missing character: There is no   in font Minion Pro/ICU:mapping=tex-text,+onu
m,!
Missing character: There is no   in font Minion Pro/ICU:mapping=tex-text,+onu
m,!
Missing character: There is no ⇔ in font Minion Pro/ICU:mapping=tex-text,+onu
m,!
Missing character: There is no   in font Minion Pro/ICU:mapping=tex-text,+onu
m,!
 [70]
Missing character: There is no   in font Minion Pro/ICU:mapping=tex-text,+onu
m,!
Missing character: There is no   in font Minion Pro/ICU:mapping=tex-text,+onu
m,!
Missing character: There is no   in font Minion Pro/ICU:mapping=tex-text,+onu
m,!
Missing character: There is no   in font Minion Pro/ICU:mapping=tex-text,+onu
m,!
Missing character: There is no   in font Minion Pro/ICU:mapping=tex-text,+onu
m,!
Missing character: There is no   in font Minion Pro/ICU:mapping=tex-text,+onu
m,!
Missing character: There is no   in font Minion Pro/ICU:mapping=tex-text,+onu
m,!
Missing character: There is no   in font Minion Pro/ICU:mapping=tex-text,+onu
m,!
Missing character: There is no ⇒ in font Minion Pro/ICU:mapping=tex-text,+onu
m,!
 [71]
Missing character: There is no   in font Minion Pro/ICU:mapping=tex-text,+onu
m,!
Missing character: There is no   in font Minion Pro/ICU:mapping=tex-text,+onu
m,!
Missing character: There is no   in font Minion Pro/ICU:mapping=tex-text,+onu
m,!
Missing character: There is no   in font Minion Pro/ICU:mapping=tex-text,+onu
m,!
Missing character: There is no   in font Minion Pro/ICU:mapping=tex-text,+onu
m,!
Missing character: There is no   in font Minion Pro/ICU:mapping=tex-text,+onu
m,!
Missing character: There is no   in font Minion Pro/ICU:mapping=tex-text,+onu
m,!
Missing character: There is no   in font Minion Pro/ICU:mapping=tex-text,+onu
m,!
Missing character: There is no   in font Minion Pro/ICU:mapping=tex-text,+onu
m,!
Missing character: There is no   in font Minion Pro/ICU:mapping=tex-text,+onu
m,!
Missing character: There is no   in font Minion Pro/ICU:mapping=tex-text,+onu
m,!
Missing character: There is no   in font Minion Pro/ICU:mapping=tex-text,+onu
m,!
Missing character: There is no   in font Minion Pro/ICU:mapping=tex-text,+onu
m,!
Missing character: There is no   in font Minion Pro/ICU:mapping=tex-text,+onu
m,!
Missing character: There is no   in font Minion Pro/ICU:mapping=tex-text,+onu
m,!
Missing character: There is no   in font Minion Pro/ICU:mapping=tex-text,+onu
m,!
 [72]
Missing character: There is no ⇒ in font Minion Pro/ICU:mapping=tex-text,+onu
m,!
Missing character: There is no   in font Minion Pro/ICU:mapping=tex-text,+onu
m,!
Missing character: There is no   in font Minion Pro/ICU:mapping=tex-text,+onu
m,!
Missing character: There is no   in font Minion Pro/ICU:mapping=tex-text,+onu
m,!
Missing character: There is no   in font Minion Pro/ICU:mapping=tex-text,+onu
m,!
Missing character: There is no   in font Minion Pro/ICU:mapping=tex-text,+onu
m,!
Missing character: There is no   in font Minion Pro/ICU:mapping=tex-text,+onu
m,!
Missing character: There is no   in font Minion Pro/ICU:mapping=tex-text,+onu
m,!
Missing character: There is no   in font Minion Pro/ICU:mapping=tex-text,+onu
m,!
Missing character: There is no   in font Minion Pro/ICU:mapping=tex-text,+onu
m,!
Missing character: There is no   in font Minion Pro/ICU:mapping=tex-text,+onu
m,!
 [73]
Missing character: There is no   in font Minion Pro/ICU:mapping=tex-text,+onu
m,!
Missing character: There is no   in font Minion Pro/ICU:mapping=tex-text,+onu
m,!
Missing character: There is no   in font Minion Pro/ICU:mapping=tex-text,+onu
m,!
Missing character: There is no   in font Minion Pro/ICU:mapping=tex-text,+onu
m,!
Missing character: There is no   in font Minion Pro/ICU:mapping=tex-text,+onu
m,!
Missing character: There is no ⇒ in font Minion Pro/ICU:mapping=tex-text,+onu
m,!
Missing character: There is no ⇒ in font Minion Pro/ICU:mapping=tex-text,+onu
m,!
Missing character: There is no ⇒ in font Minion Pro/ICU:mapping=tex-text,+onu
m,!
 [74]
Missing character: There is no   in font Minion Pro/ICU:mapping=tex-text,+onu
m,!
Missing character: There is no   in font Minion Pro/ICU:mapping=tex-text,+onu
m,!
Missing character: There is no ⇒ in font Minion Pro/ICU:mapping=tex-text,+onu
m,!
Missing character: There is no ⇒ in font Minion Pro/ICU:mapping=tex-text,+onu
m,!
Missing character: There is no   in font Minion Pro/ICU:mapping=tex-text,+onu
m,!
Missing character: There is no   in font Minion Pro/ICU:mapping=tex-text,+onu
m,!
Missing character: There is no   in font Minion Pro/ICU:mapping=tex-text,+onu
m,!
 [75]
Missing character: There is no   in font Minion Pro/ICU:mapping=tex-text,+onu
m,!
Missing character: There is no   in font Minion Pro/ICU:mapping=tex-text,+onu
m,!
Missing character: There is no   in font Minion Pro/ICU:mapping=tex-text,+onu
m,!
Missing character: There is no   in font Minion Pro/ICU:mapping=tex-text,+onu
m,!
Missing character: There is no   in font Minion Pro/ICU:mapping=tex-text,+onu
m,!
Missing character: There is no   in font Minion Pro/ICU:mapping=tex-text,+onu
m,!
Missing character: There is no   in font Minion Pro/ICU:mapping=tex-text,+onu
m,!
Missing character: There is no   in font Minion Pro/ICU:mapping=tex-text,+onu
m,!
Missing character: There is no   in font Minion Pro/ICU:mapping=tex-text,+onu
m,!
Missing character: There is no   in font Minion Pro/ICU:mapping=tex-text,+onu
m,!
Missing character: There is no   in font Minion Pro/ICU:mapping=tex-text,+onu
m,!
Missing character: There is no   in font Minion Pro/ICU:mapping=tex-text,+onu
m,!
Missing character: There is no   in font Minion Pro/ICU:mapping=tex-text,+onu
m,!
Missing character: There is no   in font Minion Pro/ICU:mapping=tex-text,+onu
m,!
Missing character: There is no   in font Minion Pro/ICU:mapping=tex-text,+onu
m,!
Missing character: There is no   in font Minion Pro/ICU:mapping=tex-text,+onu
m,!
Missing character: There is no   in font Minion Pro/ICU:mapping=tex-text,+onu
m,!
Missing character: There is no ‑ in font Minion Pro/ICU:mapping=tex-text,+onu
m,!
Missing character: There is no ‑ in font Minion Pro/ICU:mapping=tex-text,+onu
m,!
Missing character: There is no   in font Minion Pro/ICU:mapping=tex-text,+onu
m,!
 [76]
Missing character: There is no   in font Minion Pro/ICU:mapping=tex-text,+onu
m,!
Missing character: There is no   in font Minion Pro/ICU:mapping=tex-text,+onu
m,!
Missing character: There is no ⇔ in font Minion Pro/ICU:mapping=tex-text,+onu
m,!
Missing character: There is no ⇔ in font Minion Pro/ICU:mapping=tex-text,+onu
m,!
 [77]
Missing character: There is no   in font Minion Pro/ICU:mapping=tex-text,+onu
m,!
Missing character: There is no   in font Minion Pro/ICU:mapping=tex-text,+onu
m,!
Missing character: There is no   in font Minion Pro/ICU:mapping=tex-text,+onu
m,!
Missing character: There is no   in font Minion Pro/ICU:mapping=tex-text,+onu
m,!
Missing character: There is no   in font Minion Pro/ICU:mapping=tex-text,+onu
m,!
Missing character: There is no   in font Minion Pro/ICU:mapping=tex-text,+onu
m,!
Missing character: There is no   in font Minion Pro/ICU:mapping=tex-text,+onu
m,!
Missing character: There is no   in font Minion Pro/ICU:mapping=tex-text,+onu
m,!
Missing character: There is no   in font Minion Pro/ICU:mapping=tex-text,+onu
m,!
 [78]
Missing character: There is no   in font Minion Pro/ICU:mapping=tex-text,+onu
m,!
Missing character: There is no   in font Minion Pro/ICU:mapping=tex-text,+onu
m,!
Missing character: There is no   in font Minion Pro/ICU:mapping=tex-text,+onu
m,!
Missing character: There is no   in font Minion Pro/ICU:mapping=tex-text,+onu
m,!
Missing character: There is no   in font Minion Pro/ICU:mapping=tex-text,+onu
m,!
Missing character: There is no   in font Minion Pro/ICU:mapping=tex-text,+onu
m,!
Missing character: There is no   in font Minion Pro/ICU:mapping=tex-text,+onu
m,!
Missing character: There is no   in font Minion Pro/ICU:mapping=tex-text,+onu
m,!
Missing character: There is no   in font Minion Pro/ICU:mapping=tex-text,+onu
m,!
Missing character: There is no   in font Minion Pro/ICU:mapping=tex-text,+onu
m,!
Missing character: There is no   in font Minion Pro/ICU:mapping=tex-text,+onu
m,!
Missing character: There is no   in font Minion Pro/ICU:mapping=tex-text,+onu
m,!
Missing character: There is no   in font Minion Pro/ICU:mapping=tex-text,+onu
m,!
Missing character: There is no   in font Minion Pro/ICU:mapping=tex-text,+onu
m,!
Missing character: There is no   in font Minion Pro/ICU:mapping=tex-text,+onu
m,!
 [79]
Missing character: There is no   in font Minion Pro/ICU:mapping=tex-text,+onu
m,!
Missing character: There is no   in font Minion Pro/ICU:mapping=tex-text,+onu
m,!
Missing character: There is no   in font Minion Pro/ICU:mapping=tex-text,+onu
m,!
Missing character: There is no   in font Minion Pro/ICU:mapping=tex-text,+onu
m,!
Missing character: There is no   in font Minion Pro/ICU:mapping=tex-text,+onu
m,!
Missing character: There is no   in font Minion Pro/ICU:mapping=tex-text,+onu
m,!
Missing character: There is no   in font Minion Pro/ICU:mapping=tex-text,+onu
m,!
Missing character: There is no   in font Minion Pro/ICU:mapping=tex-text,+onu
m,!
Missing character: There is no   in font Minion Pro/ICU:mapping=tex-text,+onu
m,!
Missing character: There is no   in font Minion Pro/ICU:mapping=tex-text,+onu
m,!
Missing character: There is no   in font Minion Pro/ICU:mapping=tex-text,+onu
m,!
Missing character: There is no   in font Minion Pro/ICU:mapping=tex-text,+onu
m,!
Missing character: There is no   in font Minion Pro/ICU:mapping=tex-text,+onu
m,!
Missing character: There is no   in font Minion Pro/ICU:mapping=tex-text,+onu
m,!
Missing character: There is no   in font Minion Pro/ICU:mapping=tex-text,+onu
m,!
Missing character: There is no ⇒ in font Minion Pro/ICU:mapping=tex-text,+onu
m,!
Missing character: There is no ⇒ in font Minion Pro/ICU:mapping=tex-text,+onu
m,!
Missing character: There is no   in font Minion Pro/ICU:mapping=tex-text,+onu
m,!
Missing character: There is no   in font Minion Pro/ICU:mapping=tex-text,+onu
m,!
Missing character: There is no   in font Minion Pro/ICU:mapping=tex-text,+onu
m,!
Missing character: There is no   in font Minion Pro/ICU:mapping=tex-text,+onu
m,!
Missing character: There is no ⇔ in font Minion Pro/ICU:mapping=tex-text,+onu
m,!
Missing character: There is no   in font Minion Pro/ICU:mapping=tex-text,!

[80]
Missing character: There is no ⇒ in font Minion Pro/ICU:mapping=tex-text,+onu
m,!
Missing character: There is no ⇔ in font Minion Pro/ICU:mapping=tex-text,+onu
m,!
Missing character: There is no   in font Minion Pro/ICU:mapping=tex-text,+onu
m,!
Missing character: There is no   in font Minion Pro/ICU:mapping=tex-text,+onu
m,!
Missing character: There is no   in font Minion Pro/ICU:mapping=tex-text,+onu
m,!
Missing character: There is no   in font Minion Pro/ICU:mapping=tex-text,+onu
m,!
 [81]
Missing character: There is no   in font Minion Pro/ICU:mapping=tex-text,+onu
m,!
Missing character: There is no   in font Minion Pro/ICU:mapping=tex-text,+onu
m,!
Missing character: There is no   in font Minion Pro/ICU:mapping=tex-text,+onu
m,!
Missing character: There is no   in font Minion Pro/ICU:mapping=tex-text,+onu
m,!

Overfull \hbox (0.25597pt too wide) in paragraph at lines 8236--8239
\EU1/MinionPro(0)/m/n/12 Reiskleie eingelegte Sardine (f). [2] ver- 
 []

Missing character: There is no   in font Minion Pro/ICU:mapping=tex-text,+onu
m,!
Missing character: There is no   in font Minion Pro/ICU:mapping=tex-text,+onu
m,!
[82]
Missing character: There is no   in font Minion Pro/ICU:mapping=tex-text,+onu
m,!
Missing character: There is no   in font Minion Pro/ICU:mapping=tex-text,+onu
m,!
Missing character: There is no   in font Minion Pro/ICU:mapping=tex-text,+onu
m,!

Overfull \hbox (0.12933pt too wide) in paragraph at lines 8260--8263
\EU1/MinionPro(0)/m/n/12 [2] Feuer (n); Feuersbrunst (f) (in Edo). 
 []

Missing character: There is no   in font Minion Pro/ICU:mapping=tex-text,+onu
m,!
Missing character: There is no   in font Minion Pro/ICU:mapping=tex-text,+onu
m,!
Missing character: There is no   in font Minion Pro/ICU:mapping=tex-text,+onu
m,!
Missing character: There is no ‑ in font Minion Pro/ICU:mapping=tex-text,+onu
m,!
Missing character: There is no   in font Minion Pro/ICU:mapping=tex-text,+onu
m,!
Missing character: There is no   in font Minion Pro/ICU:mapping=tex-text,+onu
m,!
Missing character: There is no   in font Minion Pro/ICU:mapping=tex-text,+onu
m,!
Missing character: There is no   in font Minion Pro/ICU:mapping=tex-text,+onu
m,!
[83]
Missing character: There is no   in font Minion Pro/ICU:mapping=tex-text,+onu
m,!
Missing character: There is no   in font Minion Pro/ICU:mapping=tex-text,+onu
m,!
Missing character: There is no   in font Minion Pro/ICU:mapping=tex-text,+onu
m,!
Missing character: There is no   in font Minion Pro/ICU:mapping=tex-text,+onu
m,!
Missing character: There is no   in font Minion Pro/ICU:mapping=tex-text,+onu
m,!
Missing character: There is no   in font Minion Pro/ICU:mapping=tex-text,+onu
m,!
Missing character: There is no   in font Minion Pro/ICU:mapping=tex-text,+onu
m,!
Missing character: There is no   in font Minion Pro/ICU:mapping=tex-text,+onu
m,!
Missing character: There is no   in font Minion Pro/ICU:mapping=tex-text,+onu
m,!
Missing character: There is no   in font Minion Pro/ICU:mapping=tex-text,+onu
m,!
Missing character: There is no   in font Minion Pro/ICU:mapping=tex-text,+onu
m,!
Missing character: There is no   in font Minion Pro/ICU:mapping=tex-text,+onu
m,!
Missing character: There is no   in font Minion Pro/ICU:mapping=tex-text,+onu
m,!
 [84]
Missing character: There is no   in font Minion Pro/ICU:mapping=tex-text,+onu
m,!
Missing character: There is no   in font Minion Pro/ICU:mapping=tex-text,+onu
m,!
Missing character: There is no   in font Minion Pro/ICU:mapping=tex-text,+onu
m,!
Missing character: There is no ⇒ in font Minion Pro/ICU:mapping=tex-text,+onu
m,!
Missing character: There is no   in font Minion Pro/ICU:mapping=tex-text,+onu
m,!
Missing character: There is no   in font Minion Pro/ICU:mapping=tex-text,+onu
m,!
Missing character: There is no ⇒ in font Minion Pro/ICU:mapping=tex-text,+onu
m,!
Missing character: There is no   in font Minion Pro/ICU:mapping=tex-text,+onu
m,!
Missing character: There is no   in font Minion Pro/ICU:mapping=tex-text,+onu
m,!
Missing character: There is no   in font Minion Pro/ICU:mapping=tex-text,+onu
m,!
 [85]
Missing character: There is no   in font Minion Pro/ICU:mapping=tex-text,+onu
m,!
Missing character: There is no   in font Minion Pro/ICU:mapping=tex-text,+onu
m,!
Missing character: There is no ⇔ in font Minion Pro/ICU:mapping=tex-text,+onu
m,!
Missing character: There is no   in font Minion Pro/ICU:mapping=tex-text,+onu
m,!
Missing character: There is no   in font Minion Pro/ICU:mapping=tex-text,+onu
m,!
Missing character: There is no   in font Minion Pro/ICU:mapping=tex-text,+onu
m,!
Missing character: There is no   in font Minion Pro/ICU:mapping=tex-text,+onu
m,!
Missing character: There is no   in font Minion Pro/ICU:mapping=tex-text,+onu
m,!
Missing character: There is no   in font Minion Pro/ICU:mapping=tex-text,+onu
m,!
Missing character: There is no   in font Minion Pro/ICU:mapping=tex-text,+onu
m,!
Missing character: There is no   in font Minion Pro/ICU:mapping=tex-text,+onu
m,!
Missing character: There is no ⇒ in font Minion Pro/ICU:mapping=tex-text,+onu
m,!
Missing character: There is no   in font Minion Pro/ICU:mapping=tex-text,+onu
m,!
Missing character: There is no   in font Minion Pro/ICU:mapping=tex-text,+onu
m,!
Missing character: There is no   in font Minion Pro/ICU:mapping=tex-text,+onu
m,!
Missing character: There is no   in font Minion Pro/ICU:mapping=tex-text,+onu
m,!
Missing character: There is no   in font Minion Pro/ICU:mapping=tex-text,+onu
m,!
 [86]
Missing character: There is no   in font Minion Pro/ICU:mapping=tex-text,+onu
m,!
Missing character: There is no   in font Minion Pro/ICU:mapping=tex-text,+onu
m,!
Missing character: There is no   in font Minion Pro/ICU:mapping=tex-text,+onu
m,!
Missing character: There is no   in font Minion Pro/ICU:mapping=tex-text,+onu
m,!
Missing character: There is no   in font Minion Pro/ICU:mapping=tex-text,+onu
m,!
Missing character: There is no ⇒ in font Minion Pro/ICU:mapping=tex-text,+onu
m,!
Missing character: There is no   in font Minion Pro/ICU:mapping=tex-text,+onu
m,!
Missing character: There is no   in font Minion Pro/ICU:mapping=tex-text,+onu
m,!
Missing character: There is no ⇒ in font Minion Pro/ICU:mapping=tex-text,+onu
m,!
Missing character: There is no ⇒ in font Minion Pro/ICU:mapping=tex-text,+onu
m,!
Missing character: There is no ⇒ in font Minion Pro/ICU:mapping=tex-text,+onu
m,!
 [87]
Overfull \hbox (9.03474pt too wide) in paragraph at lines 8780--8783
[]\EU1/lmss/bx/n/12 akagonotewonejiruyounamonoda\EU1/KozukaMinchoPro-VI(1)/bx/n
/12 。 
 []

Missing character: There is no   in font Minion Pro/ICU:mapping=tex-text,+onu
m,!
Missing character: There is no   in font Minion Pro/ICU:mapping=tex-text,+onu
m,!
Missing character: There is no ⇒ in font Minion Pro/ICU:mapping=tex-text,+onu
m,!
Missing character: There is no ⇒ in font Minion Pro/ICU:mapping=tex-text,+onu
m,!
Missing character: There is no   in font Minion Pro/ICU:mapping=tex-text,+onu
m,!
Missing character: There is no   in font Minion Pro/ICU:mapping=tex-text,+onu
m,!
Missing character: There is no   in font Minion Pro/ICU:mapping=tex-text,+onu
m,!
Missing character: There is no   in font Minion Pro/ICU:mapping=tex-text,+onu
m,!
Missing character: There is no ⇔ in font Minion Pro/ICU:mapping=tex-text,+onu
m,!
[88]
Missing character: There is no   in font Minion Pro/ICU:mapping=tex-text,+onu
m,!
Missing character: There is no   in font Minion Pro/ICU:mapping=tex-text,+onu
m,!
Missing character: There is no   in font Minion Pro/ICU:mapping=tex-text,+onu
m,!
Missing character: There is no ‑ in font Minion Pro/ICU:mapping=tex-text,+onu
m,!
Missing character: There is no   in font Minion Pro/ICU:mapping=tex-text,+onu
m,!
Missing character: There is no   in font Minion Pro/ICU:mapping=tex-text,+onu
m,!
Missing character: There is no   in font Minion Pro/ICU:mapping=tex-text,+onu
m,!
Missing character: There is no   in font Minion Pro/ICU:mapping=tex-text,+onu
m,!
Missing character: There is no   in font Minion Pro/ICU:mapping=tex-text,+onu
m,!
Missing character: There is no   in font Minion Pro/ICU:mapping=tex-text,+onu
m,!
Missing character: There is no   in font Minion Pro/ICU:mapping=tex-text,+onu
m,!
 [89]
Overfull \hbox (0.71065pt too wide) in paragraph at lines 9036--9039
\EU1/MinionPro(0)/m/n/12 Besteuerung (f) einer defizittären Firma.  
 []

[90]
Missing character: There is no   in font Minion Pro/ICU:mapping=tex-text,+onu
m,!
Missing character: There is no   in font Minion Pro/ICU:mapping=tex-text,+onu
m,!
Missing character: There is no ⇔ in font Minion Pro/ICU:mapping=tex-text,+onu
m,!

Overfull \hbox (46.93074pt too wide) in paragraph at lines 9144--9147
[]\EU1/lmss/bx/n/12 akashingoumin’nadewatarebakowakunai\EU1/KozukaMinchoPro-V
I(1)/bx/n/12 。 
 []


Overfull \hbox (20.54272pt too wide) in paragraph at lines 9148--9151
[]\EU1/lmss/bx/n/12 akashingouwomitekurumawotomeru 
 []


Overfull \hbox (21.44269pt too wide) in paragraph at lines 9152--9155
[]\EU1/lmss/bx/n/12 akashingouwomushishitetsuppashiru 
 []


Overfull \hbox (36.16675pt too wide) in paragraph at lines 9156--9159
[]\EU1/lmss/bx/n/12 akashingouwomushishitetooriwowataru 
 []

Missing character: There is no   in font Minion Pro/ICU:mapping=tex-text,+onu
m,!
Missing character: There is no   in font Minion Pro/ICU:mapping=tex-text,+onu
m,!
Missing character: There is no   in font Minion Pro/ICU:mapping=tex-text,+onu
m,!
Missing character: There is no   in font Minion Pro/ICU:mapping=tex-text,+onu
m,!
Missing character: There is no   in font Minion Pro/ICU:mapping=tex-text,+onu
m,!
Missing character: There is no   in font Minion Pro/ICU:mapping=tex-text,+onu
m,!
Missing character: There is no   in font Minion Pro/ICU:mapping=tex-text,+onu
m,!
[91]
Missing character: There is no   in font Minion Pro/ICU:mapping=tex-text,+onu
m,!
Missing character: There is no   in font Minion Pro/ICU:mapping=tex-text,+onu
m,!
Missing character: There is no   in font Minion Pro/ICU:mapping=tex-text,+onu
m,!
Missing character: There is no   in font Minion Pro/ICU:mapping=tex-text,+onu
m,!
Missing character: There is no   in font Minion Pro/ICU:mapping=tex-text,+onu
m,!
Missing character: There is no   in font Minion Pro/ICU:mapping=tex-text,+onu
m,!
Missing character: There is no   in font Minion Pro/ICU:mapping=tex-text,+onu
m,!
Missing character: There is no   in font Minion Pro/ICU:mapping=tex-text,+onu
m,!
Missing character: There is no ⇒ in font Minion Pro/ICU:mapping=tex-text,+onu
m,!
Missing character: There is no   in font Minion Pro/ICU:mapping=tex-text,+onu
m,!
Missing character: There is no   in font Minion Pro/ICU:mapping=tex-text,+onu
m,!
Missing character: There is no   in font Minion Pro/ICU:mapping=tex-text,+onu
m,!
Missing character: There is no   in font Minion Pro/ICU:mapping=tex-text,+onu
m,!
Missing character: There is no ⇒ in font Minion Pro/ICU:mapping=tex-text,+onu
m,!
Missing character: There is no   in font Minion Pro/ICU:mapping=tex-text,+onu
m,!
Missing character: There is no   in font Minion Pro/ICU:mapping=tex-text,+onu
m,!
Missing character: There is no   in font Minion Pro/ICU:mapping=tex-text,+onu
m,!
Missing character: There is no   in font Minion Pro/ICU:mapping=tex-text,+onu
m,!
Missing character: There is no   in font Minion Pro/ICU:mapping=tex-text,+onu
m,!
Missing character: There is no   in font Minion Pro/ICU:mapping=tex-text,+onu
m,!
 [92]
Missing character: There is no   in font Minion Pro/ICU:mapping=tex-text,+onu
m,!
Missing character: There is no   in font Minion Pro/ICU:mapping=tex-text,+onu
m,!
Missing character: There is no   in font Minion Pro/ICU:mapping=tex-text,+onu
m,!
Missing character: There is no   in font Minion Pro/ICU:mapping=tex-text,+onu
m,!
Missing character: There is no   in font Minion Pro/ICU:mapping=tex-text,+onu
m,!
Missing character: There is no ‑ in font Minion Pro/ICU:mapping=tex-text,+onu
m,!
Missing character: There is no   in font Minion Pro/ICU:mapping=tex-text,+onu
m,!
Missing character: There is no   in font Minion Pro/ICU:mapping=tex-text,+onu
m,!
Missing character: There is no   in font Minion Pro/ICU:mapping=tex-text,+onu
m,!
Missing character: There is no   in font Minion Pro/ICU:mapping=tex-text,+onu
m,!
Missing character: There is no   in font Minion Pro/ICU:mapping=tex-text,+onu
m,!
Missing character: There is no   in font Minion Pro/ICU:mapping=tex-text,+onu
m,!
Missing character: There is no ⇒ in font Minion Pro/ICU:mapping=tex-text,+onu
m,!
 [93]
Missing character: There is no   in font Minion Pro/ICU:mapping=tex-text,+onu
m,!
Missing character: There is no   in font Minion Pro/ICU:mapping=tex-text,+onu
m,!
Missing character: There is no   in font Minion Pro/ICU:mapping=tex-text,+onu
m,!
Missing character: There is no   in font Minion Pro/ICU:mapping=tex-text,+onu
m,!
Missing character: There is no ⇒ in font Minion Pro/ICU:mapping=tex-text,+onu
m,!
Missing character: There is no ⇒ in font Minion Pro/ICU:mapping=tex-text,+onu
m,!
 [94]
Missing character: There is no   in font Minion Pro/ICU:mapping=tex-text,+onu
m,!
Missing character: There is no   in font Minion Pro/ICU:mapping=tex-text,+onu
m,!
Missing character: There is no   in font Minion Pro/ICU:mapping=tex-text,+onu
m,!
Missing character: There is no   in font Minion Pro/ICU:mapping=tex-text,+onu
m,!
Missing character: There is no   in font Minion Pro/ICU:mapping=tex-text,+onu
m,!
Missing character: There is no   in font Minion Pro/ICU:mapping=tex-text,+onu
m,!
Missing character: There is no   in font Minion Pro/ICU:mapping=tex-text,+onu
m,!
Missing character: There is no   in font Minion Pro/ICU:mapping=tex-text,+onu
m,!
Missing character: There is no   in font Minion Pro/ICU:mapping=tex-text,+onu
m,!
Missing character: There is no   in font Minion Pro/ICU:mapping=tex-text,+onu
m,!
Missing character: There is no   in font Minion Pro/ICU:mapping=tex-text,+onu
m,!
Missing character: There is no   in font Minion Pro/ICU:mapping=tex-text,+onu
m,!
Missing character: There is no ⇒ in font Minion Pro/ICU:mapping=tex-text,+onu
m,!
 [95]
Overfull \hbox (28.11473pt too wide) in paragraph at lines 9624--9627
[]\EU1/lmss/bx/n/12 akatomidorinosenwotagaichigainihiku 
 []

Missing character: There is no   in font Minion Pro/ICU:mapping=tex-text,+onu
m,!
Missing character: There is no   in font Minion Pro/ICU:mapping=tex-text,+onu
m,!
Missing character: There is no   in font Minion Pro/ICU:mapping=tex-text,+onu
m,!
Missing character: There is no   in font Minion Pro/ICU:mapping=tex-text,+onu
m,!
Missing character: There is no   in font Minion Pro/ICU:mapping=tex-text,+onu
m,!
Missing character: There is no   in font Minion Pro/ICU:mapping=tex-text,+onu
m,!
Missing character: There is no   in font Minion Pro/ICU:mapping=tex-text,+onu
m,!
Missing character: There is no   in font Minion Pro/ICU:mapping=tex-text,+onu
m,!
Missing character: There is no   in font Minion Pro/ICU:mapping=tex-text,+onu
m,!
Missing character: There is no   in font Minion Pro/ICU:mapping=tex-text,+onu
m,!
Missing character: There is no ⇒ in font Minion Pro/ICU:mapping=tex-text,+onu
m,!
[96]
Missing character: There is no   in font Minion Pro/ICU:mapping=tex-text,+onu
m,!
Missing character: There is no   in font Minion Pro/ICU:mapping=tex-text,+onu
m,!
Missing character: There is no   in font Minion Pro/ICU:mapping=tex-text,+onu
m,!
Missing character: There is no   in font Minion Pro/ICU:mapping=tex-text,+onu
m,!
Missing character: There is no   in font Minion Pro/ICU:mapping=tex-text,+onu
m,!
Missing character: There is no   in font Minion Pro/ICU:mapping=tex-text,+onu
m,!
Missing character: There is no   in font Minion Pro/ICU:mapping=tex-text,+onu
m,!
Missing character: There is no   in font Minion Pro/ICU:mapping=tex-text,+onu
m,!
 [97]
Missing character: There is no   in font Minion Pro/ICU:mapping=tex-text,+onu
m,!
Missing character: There is no   in font Minion Pro/ICU:mapping=tex-text,+onu
m,!
Missing character: There is no   in font Minion Pro/ICU:mapping=tex-text,+onu
m,!
Missing character: There is no   in font Minion Pro/ICU:mapping=tex-text,+onu
m,!
Missing character: There is no   in font Minion Pro/ICU:mapping=tex-text,+onu
m,!
Missing character: There is no   in font Minion Pro/ICU:mapping=tex-text,+onu
m,!
Missing character: There is no   in font Minion Pro/ICU:mapping=tex-text,+onu
m,!
Missing character: There is no   in font Minion Pro/ICU:mapping=tex-text,+onu
m,!
 [98]
Missing character: There is no   in font Minion Pro/ICU:mapping=tex-text,+onu
m,!
Missing character: There is no   in font Minion Pro/ICU:mapping=tex-text,+onu
m,!
Missing character: There is no   in font Minion Pro/ICU:mapping=tex-text,+onu
m,!

Overfull \hbox (43.91875pt too wide) in paragraph at lines 9912--9915
[]\EU1/lmss/bx/n/12 akapajamaaopajamakipajamachapajama 
 []

Missing character: There is no   in font Minion Pro/ICU:mapping=tex-text,+onu
m,!
Missing character: There is no   in font Minion Pro/ICU:mapping=tex-text,+onu
m,!
Missing character: There is no   in font Minion Pro/ICU:mapping=tex-text,+onu
m,!
Missing character: There is no   in font Minion Pro/ICU:mapping=tex-text,+onu
m,!
Missing character: There is no   in font Minion Pro/ICU:mapping=tex-text,+onu
m,!
Missing character: There is no   in font Minion Pro/ICU:mapping=tex-text,+onu
m,!
Missing character: There is no ⇒ in font Minion Pro/ICU:mapping=tex-text,+onu
m,!
Missing character: There is no   in font Minion Pro/ICU:mapping=tex-text,+onu
m,!
Missing character: There is no   in font Minion Pro/ICU:mapping=tex-text,+onu
m,!

Overfull \hbox (2.63867pt too wide) in paragraph at lines 9976--9979
[]\EU1/lmss/bx/n/12 akahatawooshitatetekoushinsuru 
 []

[99]
Missing character: There is no   in font Minion Pro/ICU:mapping=tex-text,+onu
m,!
Missing character: There is no   in font Minion Pro/ICU:mapping=tex-text,+onu
m,!


! LaTeX Error: \begin{entry} on input line 1464 ended by \end{multicols}.

See the LaTeX manual or LaTeX Companion for explanation.
Type  H <return>  for immediate help.
 ...                                              
                                                  
l.10004 \end{multicols}
                       
? 
! Missing } inserted.
<inserted text> 
                }
l.10004 \end{multicols}
                       
? 

! LaTeX Error: \begin{multicols} on input line 25 ended by \end{document}.

See the LaTeX manual or LaTeX Companion for explanation.
Type  H <return>  for immediate help.
 ...                                              
                                                  
l.10007 \end{document}
                      
? 
[100] (./j2.aux) )
(\end occurred inside a group at level 1)

### semi simple group (level 1) entered at line 25 (\begingroup)
### bottom level 
Here is how much of TeX's memory you used:
 6878 strings out of 494665
 113489 string characters out of 3167380
 217584 words of memory out of 3000000
 10021 multiletter control sequences out of 15000+200000
 4138 words of font info for 40 fonts, out of 3000000 for 9000
 669 hyphenation exceptions out of 8191
 45i,7n,70p,478b,373s stack positions out of 5000i,500n,10000p,200000b,50000s

Output written on j2.pdf (100 pages).
