This is pdfTeX, Version 3.1415926-1.40.10 (TeX Live 2009/Arch Linux) (format=pdflatex 2009.10.11)  17 DEC 2009 01:38
entering extended mode
 restricted \write18 enabled.
 %&-line parsing enabled.
**j3.tex
(./j3.tex
LaTeX2e <2009/09/24>
Babel <v3.8l> and hyphenation patterns for english, usenglishmax, dumylang, noh
yphenation, german-x-2009-06-19, ngerman-x-2009-06-19, ancientgreek, ibycus, ar
abic, basque, bulgarian, catalan, pinyin, coptic, croatian, czech, danish, dutc
h, esperanto, estonian, farsi, finnish, french, galician, german, ngerman, mono
greek, greek, hungarian, icelandic, indonesian, interlingua, irish, italian, ku
rmanji, latin, latvian, lithuanian, mongolian, mongolian2a, bokmal, nynorsk, po
lish, portuguese, romanian, russian, sanskrit, serbian, slovak, slovenian, span
ish, swedish, turkish, ukenglish, ukrainian, uppersorbian, welsh, loaded.
(/usr/share/texmf-dist/tex/latex/koma-script/scrartcl.cls
Document Class: scrartcl 2009/07/24 v3.04a KOMA-Script document class (article)

(/usr/share/texmf-dist/tex/latex/koma-script/scrkbase.sty
Package: scrkbase 2009/07/24 v3.04a KOMA-Script package (KOMA-Script-dependent 
basics and keyval usage)

(/usr/share/texmf-dist/tex/latex/koma-script/scrbase.sty
Package: scrbase 2009/07/24 v3.04a KOMA-Script package (KOMA-Script-independent
 basics and keyval usage)

(/usr/share/texmf-dist/tex/latex/graphics/keyval.sty
Package: keyval 1999/03/16 v1.13 key=value parser (DPC)
\KV@toks@=\toks14
)
(/usr/share/texmf-dist/tex/latex/koma-script/scrlfile.sty
Package: scrlfile 2009/03/25 v3.03 KOMA-Script package (loading files)

Package scrlfile, 2009/03/25 v3.03 KOMA-Script package (loading files)
                  Copyright (C) Markus Kohm

))) (/usr/share/texmf-dist/tex/latex/koma-script/tocbasic.sty
Package: tocbasic 2009/06/08 v3.03b KOMA-Script package (handling toc-files)
)
Package tocbasic Info: omitting babel extension for `toc'
(tocbasic)             because of feature `nobabel' available
(tocbasic)             for `toc' on input line 115.
Package tocbasic Info: omitting babel extension for `lof'
(tocbasic)             because of feature `nobabel' available
(tocbasic)             for `lof' on input line 116.
Package tocbasic Info: omitting babel extension for `lot'
(tocbasic)             because of feature `nobabel' available
(tocbasic)             for `lot' on input line 117.
Package scrartcl Info: You've used obsolete option `10pt'.
(scrartcl)             \KOMAExecuteOptions{fontsize=10pt} will be
(scrartcl)             used instead.
(scrartcl)             You may simply replace `10pt'
(scrartcl)             by `fontsize=10pt'.


Class scrartcl Warning: You've used obsolete option `bibtotocnumbered'.
(scrartcl)              Usage of this option indicates an old document and
(scrartcl)              changes compatibility level using
(scrartcl)              `bibliography=totocnumbered,version=first'.
(scrartcl)              If you don't want this, you should simply replace
(scrartcl)              usage of option `bibtotocnumbered' by `bibliography=tot
ocnumbered'.

Class scrartcl Info: Switching compatibility level to `first'.

Class scrartcl Warning: You've used obsolete option `smallheadings'.
(scrartcl)              Usage of this option indicates an old document and
(scrartcl)              changes compatibility level using
(scrartcl)              `headings=small,version=first'.
(scrartcl)              If you don't want this, you should simply replace
(scrartcl)              usage of option `smallheadings' by `headings=small'.

Class scrartcl Info: Switching compatibility level to `first'.

Class scrartcl Warning: You've used obsolete option `pointednumbers'.
(scrartcl)              Usage of this option indicates an old document and
(scrartcl)              changes compatibility level using
(scrartcl)              `numbers=enddot,version=first'.
(scrartcl)              If you don't want this, you should simply replace
(scrartcl)              usage of option `pointednumbers' by `numbers=enddot'.

Class scrartcl Info: Switching compatibility level to `first'.
Class scrartcl Info: File `scrsize10pt.clo' used to setup font sizes on input l
ine 1171.
(/usr/share/texmf-dist/tex/latex/koma-script/scrsize10pt.clo
File: scrsize10pt.clo 2009/07/24 v3.04a KOMA-Script font size class option (10p
t)
)
(/usr/share/texmf-dist/tex/latex/koma-script/typearea.sty
Package: typearea 2009/07/24 v3.04a KOMA-Script package (type area)

Package typearea, 2009/07/24 v3.04a KOMA-Script package (type area)
                  Copyright (C) Frank Neukam, 1992-1994
                  Copyright (C) Markus Kohm, 1994-

\ta@bcor=\skip41
\ta@div=\count79
Package typearea Info: You've used standard option `a4paper'.
(typearea)             This is correct!
(typearea)             Internaly I'm using `paper=a4'.
(typearea)             If you'd like to set the option with \KOMAoptions,
(typearea)             you'd have to use `paper=a4' there
(typearea)             instead of `a4paper', too.
\ta@hblk=\skip42
\ta@vblk=\skip43
\ta@temp=\skip44
Package typearea Info: These are the values describing the layout:
(typearea)             DIV  = 8
(typearea)             BCOR = 0.0pt
(typearea)             \paperwidth      = 597.50793pt
(typearea)              \textwidth      = 373.44246pt
(typearea)              DIV departure   = -4%
(typearea)              \evensidemargin = 39.76274pt
(typearea)              \oddsidemargin  = 39.76274pt
(typearea)             \paperheight     = 845.04694pt
(typearea)              \textheight     = 538.0pt
(typearea)              \topmargin      = 0.36087pt
(typearea)              \headheight     = 15.0pt
(typearea)              \headsep        = 18.0pt
(typearea)              \topskip        = 10.0pt
(typearea)              \footskip       = 42.0pt
(typearea)              \baselineskip   = 12.0pt
(typearea)              on input line 1115.
)
\c@part=\count80
\c@section=\count81
\c@subsection=\count82
\c@subsubsection=\count83
\c@paragraph=\count84
\c@subparagraph=\count85
\abovecaptionskip=\skip45
\belowcaptionskip=\skip46
\c@pti@nb@sid@b@x=\box26
\c@figure=\count86
\c@table=\count87
\bibindent=\dimen102
) (./genzi.sty
Package: genzi 2009/07/05 Genzi XeLaTeX package
 (/usr/share/texmf-dist/tex/latex/base/ifthen.sty
Package: ifthen 2001/05/26 v1.1c Standard LaTeX ifthen package (DPC)
)
(/usr/share/texmf-dist/tex/xelatex/fontspec/fontspec.sty
Package: fontspec 2008/08/09 v1.18 Advanced font selection for XeLaTeX

(/usr/share/texmf-dist/tex/generic/ifxetex/ifxetex.sty
Package: ifxetex 2009/01/23 v0.5 Provides ifxetex conditional
)
! 
 ********************************************
 * XeTeX is required to compile this document.
 * Sorry!
 ********************************************.
\RequireXeTeX ...********************************}
                                                  \endgroup \fi 
l.18 \RequireXeTeX
                  
? 
\c@zf@newff=\count88
\c@zf@index=\count89
\c@zf@script=\count90
\c@zf@language=\count91
! 
 ********************************************
 * XeTeX is required to compile this document.
 * Sorry!
 ********************************************.
\RequireXeTeX ...********************************}
                                                  \endgroup \fi 
l.63 \RequireXeTeX
                  
? 
(/usr/share/texmf-dist/tex/latex/tools/calc.sty
Package: calc 2007/08/22 v4.3 Infix arithmetic (KKT,FJ)
\calc@Acount=\count92
\calc@Bcount=\count93
\calc@Adimen=\dimen103
\calc@Bdimen=\dimen104
\calc@Askip=\skip47
\calc@Bskip=\skip48
LaTeX Info: Redefining \setlength on input line 76.
LaTeX Info: Redefining \addtolength on input line 77.
\calc@Ccount=\count94
\calc@Cskip=\skip49
)
(/usr/share/texmf-dist/tex/latex/xkeyval/xkeyval.sty
Package: xkeyval 2008/08/13 v2.6a package option processing (HA)

(/usr/share/texmf-dist/tex/generic/xkeyval/xkeyval.tex
\XKV@toks=\toks15
\XKV@tempa@toks=\toks16
\XKV@depth=\count95
File: xkeyval.tex 2008/08/13 v2.6a key=value parser (HA)
))
(/usr/share/texmf-dist/tex/latex/base/fontenc.sty
Package: fontenc 2005/09/27 v1.99g Standard LaTeX package

(/usr/share/texmf-dist/tex/xelatex/euenc/eu1enc.def
File: eu1enc.def 2008/03/08 v0.1d Experimental unicode font encoding
)
LaTeX Font Info:    Try loading font information for EU1+lmr on input line 100.


(/usr/share/texmf-dist/tex/xelatex/euenc/eu1lmr.fd
File: eu1lmr.fd 2007/01/14 v1.3 Font defs for Latin Modern
)
! Font EU1/lmr/m/n/10=[lmroman10-regular]:mapping=tex-text at 10.0pt not loadab
le: Metric (TFM) file not found.
<to be read again> 
                   relax 
l.100 \fontencoding\encodingdefault\selectfont
                                              
? 
)
LaTeX Info: Redefining \itshape on input line 1163.
LaTeX Info: Redefining \slshape on input line 1166.
LaTeX Info: Redefining \scshape on input line 1169.
LaTeX Info: Redefining \upshape on input line 1172.

fontspec.cfg loaded.
(/usr/share/texmf-dist/tex/xelatex/fontspec/fontspec.cfg))
\zw=\skip50

! Undefined control sequence.
l.115 \XeTeXinterchartokenstate
                               =1
? 

! LaTeX Error: Missing \begin{document}.

See the LaTeX manual or LaTeX Companion for explanation.
Type  H <return>  for immediate help.
 ...                                              
                                                  
l.115 \XeTeXinterchartokenstate=
                                1
? 
Missing character: There is no = in font nullfont!
Missing character: There is no 1 in font nullfont!
! Undefined control sequence.
l.116 \XeTeXcharclass
                     `„Äà 4
? 
Missing character: There is no ` in font nullfont!
Missing character: There is no „ in font nullfont!
Missing character: There is no Ä in font nullfont!
Missing character: There is no à in font nullfont!
Missing character: There is no 4 in font nullfont!
! Undefined control sequence.
l.117 \XeTeXcharclass
                     `„Ää 4
? 
Missing character: There is no ` in font nullfont!
Missing character: There is no „ in font nullfont!
Missing character: There is no Ä in font nullfont!
Missing character: There is no ä in font nullfont!
Missing character: There is no 4 in font nullfont!
! Undefined control sequence.
l.118 \XeTeXcharclass
                     `„Äå 4
? 
Missing character: There is no ` in font nullfont!
Missing character: There is no „ in font nullfont!
Missing character: There is no Ä in font nullfont!
Missing character: There is no å in font nullfont!
Missing character: There is no 4 in font nullfont!
! Undefined control sequence.
l.119 \XeTeXcharclass
                     `„Äé 4
? 
Missing character: There is no ` in font nullfont!
Missing character: There is no „ in font nullfont!
Missing character: There is no Ä in font nullfont!
Missing character: There is no é in font nullfont!
Missing character: There is no 4 in font nullfont!
! Undefined control sequence.
l.120 \XeTeXcharclass
                     `„Äê 4
? 
Missing character: There is no ` in font nullfont!
Missing character: There is no „ in font nullfont!
Missing character: There is no Ä in font nullfont!
Missing character: There is no ê in font nullfont!
Missing character: There is no 4 in font nullfont!
! Undefined control sequence.
l.121 \XeTeXcharclass
                     `„Äî 4
? 
Missing character: There is no ` in font nullfont!
Missing character: There is no „ in font nullfont!
Missing character: There is no Ä in font nullfont!
Missing character: There is no î in font nullfont!
Missing character: There is no 4 in font nullfont!
! Undefined control sequence.
l.122 \XeTeXcharclass
                     `„Äñ 4
? 
Missing character: There is no ` in font nullfont!
Missing character: There is no „ in font nullfont!
Missing character: There is no Ä in font nullfont!
Missing character: There is no ñ in font nullfont!
Missing character: There is no 4 in font nullfont!
! Undefined control sequence.
l.123 \XeTeXcharclass
                     `„Äò 4
? 
Missing character: There is no ` in font nullfont!
Missing character: There is no „ in font nullfont!
Missing character: There is no Ä in font nullfont!
Missing character: There is no ò in font nullfont!
Missing character: There is no 4 in font nullfont!
! Undefined control sequence.
l.124 \XeTeXcharclass
                     `Ôºà 4
? 
Missing character: There is 